# GeneMark.hmm-2 LST format
# GeneMark.hmm-2 prokaryotic version: 1.25_lic
# File with sequence: EColi_plasmid6.fasta
# File with native parameters: GMS2.mod
# Native species name and build: unspecified GeneMarkS-2-1.14_1.25_lic
# File with MetaGeneMark parameters: /home/violanca/1MB438/SRC/Lab3/gms2_linux_64/mgm_11.mod
# translation table: 11
# output date start: Fri Sep 29 10:33:44 2023

# sequence-region 1 1412998
SequenceID: Unknown
     1   -   <1    153     153 atypical AATGTC 6 1
     2   +    465    677     213 native AAGGAA 5 1
     3   -    1099    1851     753 native GTGGAG 7 1
     4   -    1865    2914    1050 native CTGGAG 5 1
     5   -    3261    3512     252 atypical CCGGAA 8 1
     6   -    3956    4243     288 atypical CTGGAT 8 1
     7   -    4243    4482     240 native GAGGTG 6 1
     8   +    5015    5347     333 atypical AAGGAG 6 1
     9   -    5789    7123    1335 native CTGGGG 8 1
    10   -    7157    7576     420 native CAGGAG 5 1
    11   -    7617    8582     966 native CTGGAT 6 1
    12   -    8563    9084     522 native GCGGGG 10 1
    13   -    9068    9295     228 atypical TTGGAG 5 1
    14   +    9373    9780     408 atypical AAGATA 7 1
    15   +    9973    10128     156 native AATGAG 6 1
    16   +    10130    10705     576 atypical CAGGTG 6 1
    17   +    11472    11567      96 native CAGGAG 3 1
    18   +    11661    11849     189 native GAGGTT 8 1
    19   +    12161    12553     393 native CCGGAG 5 1
    20   +    12732    12956     225 native CAGAAA 8 1
    21   +    12925    13152     228 native AAGAAT 14 1
    22   +    13209    13502     294 native GCGGAA 13 1
    23   +    13550    14068     519 native CAGGAC 13 1
    24   +    14153    14422     270 atypical CCGGAG 8 1
    25   +    14490    15509    1020 native CAGTAT 9 1
    26   -    15586    16053     468 atypical GTTGAA 10 1
    27   -    16031    16234     204 atypical CAGGAG 5 1
    28   +    16543    17337     795 native AAGGTG 8 1
    29   +    17334    18380    1047 native CAGGGG 7 1
    30   +    18438    18899     462 atypical AAGGAT 7 1
    31   +    18896    19684     789 atypical ACGGAA 9 1
    32   -    19823    20644     822 native CAGAGG 5 1
    33   -    20660    21571     912 native AAGGAG 5 1
    34   -    21600    22844    1245 native ATGGGG 8 1
    35   -    22844    23545     702 native GAGGCT 7 1
    36   -    23538    24344     807 native CTGGTC 3 1
    37   -    24341    24736     396 native CAGACG 6 1
    38   +    24998    25342     345 native AAGAGC 11 1
    39   +    25296    26072     777 native TTGGGG 5 1
    40   +    26200    28758    2559 native CTGACA 6 1
    41   +    28653    29645     993 native AATGAT 0 1
    42   +    29789    30751     963 native ATGGAT 5 1
    43   -    30834    31091     258 native AAGGCC 6 1
    44   +    31352    31963     612 native CTGACT 7 1
    45   -    32025    32564     540 native AAGGAG 8 1
    46   -    32791    34095    1305 native AAGGGG 6 1
    47   -    34495    35037     543 native GAGGAA 3 1
    48   -    35060    36085    1026 native AAGGAG 6 1
    49   -    36096    36920     825 native CAGGTA 3 1
    50   -    36901    37542     642 native AAGGGG 9 1
    51   -    37556    37933     378 native AAGGTC 7 1
    52   -    37936    38295     360 native AAGGAA 6 1
    53   +    38629    40818    2190 native AAGAGA 6 1
    54   -    40878    42311    1434 native CAGGAG 11 1
    55   -    42606    42965     360 native GCGAAG 5 1
    56   -    43123    43401     279 native AAGAGA 6 1
    57   -    43412    44416    1005 native AAGGAG 8 1
    58   -    44413    45054     642 native AAGGAA 4 1
    59   -    45044    46066    1023 native CCGAAT 5 1
    60   -    46069    46878     810 native AAGGAG 5 1
    61   -    46998    48239    1242 native CTGGAG 7 1
    62   -    48327    48563     237 native TAGGAA 10 1
    63   -    48774    48947     174 native ATTGAA 6 1
    64   -    48944    49507     564 native AAGAGG 6 1
    65   -    49520    50449     930 native AAGGAT 6 1
    66   -    50465    51418     954 native ACTGAG 5 1
    67   -    51486    52556    1071 native GCGGCG 8 1
    68   -    52637    52810     174 atypical GAGGAG 8 1
    69   -    52862    53383     522 native AATATG 8 1
    70   +    53582    54157     576 native ATGGAA 6 1
    71   -    54276    55235     960 native TAGAAT 8 1
    72   +    55808    58993    3186 native AATGAG 9 1
    73   -    59189    60142     954 native AAGGGG 7 1
    74   -    60154    61797    1644 native AAGGAA 5 1
    75   -    61861    62802     942 native CTGGAA 8 1
    76   -    62802    63176     375 native CAGATA 8 1
    77   -    63249    63896     648 native GTGAGG 5 1
    78   -    63908    64606     699 native AAGATG 6 1
    79   -    64659    65441     783 native CAGGAC 5 1
    80   -    65579    66067     489 native CAGGAT 12 1
    81   -    65995    66336     342 native CGGGAT 6 1
    82   -    66356    67561    1206 native CAGGAG 6 1
    83   -    67586    68281     696 native AAGGAG 6 1
    84   -    68293    68697     405 native GCGGAA 8 1
    85   -    68701    69117     417 native GCGGAG 5 1
    86   +    69272    69931     660 native CTGGGG 6 1
    87   +    70007    70300     294 native GAGGAA 6 1
    88   +    70343    70720     378 native CAGATG 6 1
    89   -    70760    72295    1536 native CTGGAT 10 1
    90   -    72405    73328     924 native CTGGGA 7 1
    91   -    73330    73977     648 native AAGGAG 6 1
    92   -    73988    74572     585 native AAGGAG 10 1
    93   +    74808    76016    1209 native CGGGAG 5 1
    94   +    76079    76726     648 native ATGGAG 7 1
    95   +    76860    77291     432 native GTCGAG 7 1
    96   +    77263    77409     147 native AACGTT 10 1
    97   +    77515    78561    1047 native CCGGAG 11 1
    98   +    78635    78880     246 native CAGGGG 6 1
    99   +    79170    79424     255 native AGGGGG 5 1
   100   +    79539    80657    1119 native CAGAGA 7 1
   101   +    80705    80818     114 native CAGGAG 6 1
   102   +    81079    81645     567 native TTGGAT 6 1
   103   +    81649    82224     576 native ATGGAG 8 1
   104   -    82266    83318    1053 native CAGGAA 9 1
   105   +    83543    84463     921 native CAGGAT 4 1
   106   +    84635    85861    1227 native GCGGAT 4 1
   107   +    85941    86327     387 native AAGGGA 5 1
   108   -    86328    86555     228 native AAGAGG 6 1
   109   -    86728    87717     990 native CTGACG 5 1
   110   -    87717    89270    1554 native CAGTTA 7 1
   111   -    89263    89370     108 native GCGGTG 6 1
   112   -    89339    90634    1296 native CGCGAT 0 1
   113   +    91187    92017     831 atypical CCGAGA 14 1
   114   +    91996    92343     348 native GTGGCG 8 1
   115   -    92351    93832    1482 native CAGGTA 13 1
   116   -    93774    94307     534 native AAGGAG 5 1
   117   -    94402    94713     312 native GAGGAA 9 1
   118   -    94834    95166     333 atypical CGGGAG 6 1
   119   -    95225    95680     456 native ATGGGG 7 1
   120   -    95721    96176     456 atypical CAGGGT 6 1
   121   +    96928    97578     651 atypical GCGGGG 7 1
   122   +    97583    97972     390 atypical CAGGCG 8 1
   123   +    97997    98413     417 atypical TCGGAG 6 1
   124   +    98440    99273     834 native AAGGAA 7 1
   125   -    99337    99858     522 native CTCGAT 7 1
   126   -    99930    100484     555 native ATGGAA 8 1
   127   -    100508    101245     738 native CAGGAG 6 1
   128   -    101300    102238     939 native CGGGAG 5 1
   129   -    102709    103551     843 native AAGGAA 8 1
   130   -    103637    103834     198 native CAGGAA 4 1
   131   -    103846    104337     492 native CCGGAG 5 1
   132   -    104297    104707     411 native CAGAGA 7 1
   133   -    104754    105053     300 native GTGGGG 13 1
   134   -    105383    105745     363 native CCTGTA 5 1
   135   -    105767    105904     138 native GCGGCA 5 1
   136   -    106005    106286     282 native GCGGGG 5 1
   137   -    106304    106537     234 native AAGGAA 7 1
   138   -    106628    107446     819 native AAGGAG 6 1
   139   -    107537    107686     150 native CTGGGT 10 1
   140   -    107785    108144     360 native CAGGGA 8 1
   141   -    108211    108855     645 native AAGGGG 5 1
   142   -    108852    109757     906 native CTGGAG 8 1
   143   -    109754    110074     321 native GAGGAT 0 1
   144   -    110071    110862     792 native CCGCAA 5 1
   145   -    110946    111179     234 native AAGGTG 6 1
   146   -    111173    111532     360 native CTGAAT 6 1
   147   -    111885    112133     249 native AAGGTG 1 1
   148   -    112241    112993     753 native CAGAGG 8 1
   149   -    113019    113213     195 native CCTGTA 6 1
   150   -    113207    113518     312 native GCGGCA 8 1
   151   -    113603    115081    1479 native AAGGAA 6 1
   152   -    115451    116323     873 native CGGGAA 7 1
   153   +    116652    116834     183 atypical AAGGAG 8 1
   154   -    117134    117559     426 native ACGGAC 8 1
   155   +    117613    117861     249 native ACCAAT 9 1
   156   -    118119    118823     705 native CAGGGG 1 1
   157   -    119258    119425     168 native ACTGAG 6 1
   158   -    119594    119773     180 native CAGTAA 10 1
   159   -    119770    120027     258 native ACGGTA 5 1
   160   -    120078    120203     126 native AATGAG 6 1
   161   -    120304    121641    1338 native CAGGAA 8 1
   162   -    121638    122093     456 native AATAAA 8 1
   163   -    122090    123379    1290 native ACGGAG 11 1
   164   -    123379    124326     948 native CAGGAG 6 1
   165   -    124327    126051    1725 native GTGGGA 11 1
   166   +    126187    127380    1194 native ATGGAG 13 1
   167   +    127876    128547     672 native CTGGAA 6 1
   168   +    128626    128760     135 native CTGGAA 13 1
   169   -    128800    129099     300 native GTGGGT 8 1
   170   -    129458    130102     645 atypical CAGGTA 10 1
   171   -    130123    130431     309 native AGTGAG 8 1
   172   -    130471    131109     639 native AAGGAG 6 1
   173   -    131094    131966     873 native CTGGGA 7 1
   174   -    132023    132325     303 native CAGGAA 1 1
   175   -    133067    135505    2439 atypical CTGAGT 6 1
   176   -    135746    136810    1065 native CCGGCG 10 1
   177   -    136896    137045     150 native CAGATC 11 1
   178   +    137467    137658     192 native CCGTAC 8 1
   179   -    137711    137944     234 native AAGGAA 6 1
   180   -    138040    138663     624 native ACGGAA 11 1
   181   -    138752    139261     510 native AAGGAA 6 1
   182   +    140415    140690     276 native AAGGTG 5 1
   183   +    140717    141112     396 native CCGGGC 6 1
   184   -    141531    141977     447 atypical CTGGAG 8 1
   185   -    141920    142654     735 atypical ACGGAC 7 1
   186   -    143384    143581     198 native CAGGAC 9 1
   187   -    143647    143862     216 native CTGGGG 13 1
   188   -    144145    144417     273 native TCGGAG 8 1
   189   +    144737    144931     195 atypical GAGGAA 6 1
   190   -    146679    146897     219 atypical AAGGAA 9 1
   191   +    148348    149373    1026 native GAGATT 6 1
   192   +    149445    149645     201 native CAGAGT 6 1
   193   +    149624    149875     252 native CTGGTC 6 1
   194   +    149926    150249     324 native CCGGTT 7 1
   195   +    150240    150389     150 native GTGGAT 11 1
   196   -    150945    151331     387 native CAGGAG 7 1
   197   -    151754    152329     576 native CAGGAG 6 1
   198   -    152398    152976     579 native AAGAGG 7 1
   199   -    152993    153202     210 native CTGGAG 12 1
   200   -    153166    154062     897 native AAGGGT 5 1
   201   -    154085    154540     456 native AAGGAA 6 1
   202   -    154563    155036     474 native CAGGCT 8 1
   203   -    155237    155719     483 native GCGGTT 8 1
   204   -    155719    156300     582 native AAGGAA 6 1
   205   +    156621    157679    1059 native CCGGAT 10 1
   206   +    157689    158765    1077 native AAGGCG 5 1
   207   +    158822    159595     774 native GTGGAG 10 1
   208   +    159597    160676    1080 native GAGAAA 6 1
   209   +    160676    161632     957 native AAGAAG 8 1
   210   +    161643    162851    1209 native AAGGAA 6 1
   211   +    162869    163336     468 atypical CAGGCT 10 1
   212   +    163597    163926     330 native CCGGAG 7 1
   213   +    163913    164293     381 native CCGGGC 8 1
   214   +    164336    165058     723 native CATATA 9 1
   215   -    165196    165747     552 native CAGAAG 4 1
   216   -    165672    165920     249 native CCGGAT 6 1
   217   -    165925    166068     144 native CTGGGT 8 1
   218   -    166328    166795     468 native CCGGAT 13 1
   219   -    166826    167176     351 native CGGGAG 6 1
   220   -    167173    167535     363 native AATGAG 12 1
   221   +    167918    168403     486 native AGGGAG 12 1
   222   -    168417    168560     144 native CAGGTG 0 1
   223   +    169784    170455     672 atypical AAGGTA 5 1
   224   -    171768    172031     264 atypical AAGGGG 10 1
   225   +    172454    172582     129 atypical AAGAAG 8 1
   226   +    172644    172985     342 native AAGGAG 6 1
   227   +    173062    173193     132 native AAGACG 5 1
   228   -    173241    173858     618 native GAGAAA 5 1
   229   -    173870    174544     675 native CAGGAG 12 1
   230   -    174545    175009     465 native AAGGAG 5 1
   231   -    175019    176689    1671 native CCTATG 5 1
   232   -    176715    177035     321 native CTGAGG 6 1
   233   -    177044    177346     303 native AAGAGA 5 1
   234   -    177356    177793     438 native CCGGCG 10 1
   235   +    177940    178164     225 native ATGGTG 8 1
   236   +    179015    180634    1620 atypical ATGGGG 5 1
   237   -    180727    181086     360 atypical AAGAGG 5 1
   238   +    181772    182062     291 atypical ACTAAA 7 1
   239   +    182086    182337     252 atypical CAGGAG 8 1
   240   -    182385    183131     747 native ACGGGA 5 1
   241   -    183037    183855     819 native ATTGAA 3 1
   242   +    183995    184306     312 native GCGGAG 9 1
   243   +    184382    184762     381 native AAGTAT 5 1
   244   +    184759    185106     348 native CAGGAA 8 1
   245   +    185156    186124     969 native CCGGTA 12 1
   246   +    186067    186687     621 native GCTGCT 8 1
   247   +    187106    187282     177 native ACGATG 5 1
   248   -    187444    189804    2361 native CAGGTA 6 1
   249   -    191344    192777    1434 atypical GAGAGG 5 1
   250   -    193419    193667     249 atypical CACGCA 8 1
   251   -    193938    194330     393 native CCAGTG 5 1
   252   +    194826    196064    1239 atypical AAGGAG 6 1
   253   -    196869    197699     831 native CAGGCG 5 1
   254   -    197635    198024     390 native CGGGAA 7 1
   255   -    198648    199334     687 atypical GTGAAA 7 1
   256   -    199914    200837     924 native CCGACG 11 1
   257   -    201321    202592    1272 native CTGGGA 14 1
   258   -    202598    203725    1128 native AAGGGA 10 1
   259   -    203783    204613     831 native AAGGAT 7 1
   260   -    205279    206136     858 native CTGGAA 0 1
   261   -    206193    206786     594 native TTGGAG 7 1
   262   -    206945    207154     210 atypical GTGAAA 5 1
   263   +    207209    211171    3963 native CAGGAG 7 1
   264   -    211211    211849     639 native GAGGGG 5 1
   265   +    212078    213226    1149 native AAGGAT 0 1
   266   +    213223    213918     696 native CAGGAG 5 1
   267   +    213930    214316     387 native AAGGAG 7 1
   268   +    214324    215124     801 native GTGAGG 5 1
   269   +    215134    215724     591 native AAGGAA 5 1
   270   +    215735    216229     495 native AAGGAG 6 1
   271   +    216250    217578    1329 native AAGGAG 7 1
   272   -    217661    217834     174 native ACGGAG 7 1
   273   +    218794    219087     294 atypical AAGGAG 6 1
   274   -    219389    219649     261 native CAGGAG 14 1
   275   -    219659    220963    1305 native GTGGGG 5 1
   276   -    221024    221455     432 native GTGAAA 7 1
   277   -    221535    221627      93 native GAGAGG 5 1
   278   -    221728    222195     468 native GCGGAT 12 1
   279   -    222155    222379     225 native CTGGCT 12 1
   280   -    222412    223305     894 native CCGGCA 0 1
   281   -    223360    224538    1179 native CCGAAA 8 1
   282   -    224646    225077     432 native CAGATG 6 1
   283   -    225347    225841     495 native CCGGAG 3 1
   284   -    225956    226276     321 native CCGGAT 7 1
   285   -    226466    226591     126 native ACGGTA 6 1
   286   -    226743    227747    1005 atypical AAGAGG 6 1
   287   +    228017    228337     321 atypical GAGAGA 6 1
   288   -    228354    229052     699 native CAGGTG 8 1
   289   -    229052    229393     342 native GAGGAA 6 1
   290   -    229386    232628    3243 native CCGGAG 8 1
   291   -    232676    232957     282 native CCGGAA 12 1
   292   -    232981    233355     375 native GCGGAT 7 1
   293   -    233361    234077     717 native CAGGAG 5 1
   294   -    234143    234487     345 native GAGGTA 8 1
   295   -    234484    234930     447 native CTGGGA 8 1
   296   -    234927    235277     351 native GAGGAG 6 1
   297   -    235288    235614     327 native CAGGAG 7 1
   298   -    235611    236834    1224 native CAGGGG 12 1
   299   -    236831    238135    1305 native CAGGAC 14 1
   300   -    238141    238362     222 native CCGCAG 6 1
   301   -    238407    240077    1671 native CCGGAT 10 1
   302   -    240158    240340     183 native CAGGAG 6 1
   303   -    240403    240837     435 native GTGGAG 2 1
   304   -    240834    241211     378 native CCGAAT 12 1
   305   -    241252    241689     438 native GTGGAG 0 1
   306   -    241754    242059     306 native GAGGGC 5 1
   307   -    242159    242614     456 native CGGGAG 6 1
   308   -    243040    243261     222 native GAGGAT 5 1
   309   -    243602    243916     315 native ACGGAG 7 1
   310   -    244378    244845     468 native GTGGGG 10 1
   311   -    245002    245571     570 native AAGGAA 7 1
   312   -    245803    246378     576 native ACGGGG 11 1
   313   -    246383    246598     216 native CGGGAG 7 1
   314   -    246676    246921     246 native GAGAAA 5 1
   315   -    246962    247141     180 native ACGGAA 7 1
   316   -    247277    249109    1833 native TTGGCA 5 1
   317   -    249527    249694     168 native CTGGAG 8 1
   318   -    249691    250122     432 native AAGGAA 7 1
   319   -    250571    251158     588 native CAGGGA 10 1
   320   -    251419    251616     198 native AAGGGA 7 1
   321   -    251858    252388     531 native AGTGAG 7 1
   322   -    252397    252756     360 native AAGAGG 6 1
   323   -    252769    253815    1047 native CTGGAG 5 1
   324   -    253817    254143     327 native CAGAGA 5 1
   325   +    254225    254482     258 native GTGAGG 6 1
   326   +    254488    254787     300 atypical CGGGAA 9 1
   327   -    254992    255336     345 native AAGGGG 7 1
   328   -    255333    255698     366 atypical AAGGAA 7 1
   329   -    256006    256641     636 atypical GTGGGG 6 1
   330   -    256638    256814     177 atypical GAGGAA 7 1
   331   -    256807    256989     183 atypical GCGGTA 5 1
   332   -    257023    257235     213 atypical CTGGAG 8 1
   333   -    257619    258080     462 native CAGGAG 8 1
   334   -    258077    258373     297 native CAGGAG 8 1
   335   -    258370    258762     393 native CCGGAG 6 1
   336   -    258778    259503     726 native GAGGAA 6 1
   337   -    259537    259998     462 native CAGATT 6 1
   338   -    259991    261001    1011 native GATGAG 6 1
   339   -    261088    261525     438 atypical CGGGAG 7 1
   340   -    261522    261782     261 atypical TCGGAG 6 1
   341   +    261909    262301     393 atypical GAGGGG 5 1
   342   -    262348    262707     360 atypical CTGGAG 5 1
   343   -    262710    263012     303 native ATGGGA 13 1
   344   +    263291    263647     357 native GAGGAT 6 1
   345   +    263719    263937     219 native AAGGAG 5 1
   346   +    264506    264694     189 atypical GAGGAC 6 1
   347   +    264974    266134    1161 native GAGGTA 7 1
   348   +    266106    266825     720 native CCGAAT 5 1
   349   +    266881    267423     543 native CGGGAT 7 1
   350   +    267491    267706     216 atypical AAGGCA 9 1
   351   -    268125    269012     888 native CTGGAA 6 1
   352   -    269012    269338     327 native GAGGTA 6 1
   353   +    269462    269893     432 native GGGGAT 14 1
   354   +    271108    271593     486 native CCTGAT 0 1
   355   -    271718    273301    1584 native GTGGGG 5 1
   356   -    273366    273989     624 native AAGAGG 5 1
   357   -    274058    274690     633 native CAGGGG 5 1
   358   -    275102    275254     153 native CAGATA 8 1
   359   -    275458    275604     147 native CTGGCA 8 1
   360   -    275683    276630     948 native CTGGGG 8 1
   361   -    276627    276893     267 native CCGAAA 8 1
   362   -    277010    277225     216 native CTGGGC 6 1
   363   -    277257    277499     243 native GAGGGG 6 1
   364   -    277687    277851     165 native CAGGGG 6 1
   365   -    277972    278190     219 native CCGGAG 3 1
   366   -    278306    278734     429 native CATAAA 9 1
   367   -    278722    278940     219 native GAGGTA 10 1
   368   -    279091    279351     261 native CAGGAG 4 1
   369   -    279611    279733     123 native CAGGTG 8 1
   370   -    279767    280024     258 native GTGAAG 6 1
   371   -    279993    280310     318 native CCGGAT 4 1
   372   -    280437    280718     282 native GTGGAA 5 1
   373   -    280939    282654    1716 native GAGGTG 6 1
   374   -    282635    282922     288 native CCGGGC 2 1
   375   -    282922    283047     126 native CTGGCG 6 1
   376   -    283074    283496     423 native ACGGAG 7 1
   377   -    283510    283746     237 native CCGGTA 2 1
   378   -    283719    284261     543 native GTGAGG 5 1
   379   -    284269    284832     564 native GCGGTG 7 1
   380   -    284990    285235     246 native AAGGGG 5 1
   381   -    285247    285600     354 native CGGGAG 5 1
   382   -    285641    286006     366 native GTGGAT 6 1
   383   -    286047    286925     879 native CCGGGA 9 1
   384   -    287127    287459     333 native AAGGGA 5 1
   385   -    287469    288788    1320 native GAGGAG 7 1
   386   -    288769    290370    1602 native CAGGAT 7 1
   387   -    290367    290573     207 native CCGGAG 7 1
   388   -    290570    292495    1926 native CCGGGG 7 1
   389   -    292470    293015     546 native GTGGAA 6 1
   390   -    293694    294401     708 native GAGGAT 8 1
   391   -    294551    294988     438 native GTGGGG 6 1
   392   -    294985    295482     498 native GAGAGG 6 1
   393   -    295482    295688     207 native ACGGAG 11 1
   394   -    296136    297986    1851 native CGGGAG 5 1
   395   -    298393    298560     168 native CTGGAG 8 1
   396   -    298557    298703     147 native GAGGAT 0 1
   397   -    299157    299336     180 native CAGCGT 5 1
   398   -    299703    299975     273 native AAGGGC 10 1
   399   -    299920    300345     426 native AAGAGG 6 1
   400   -    300358    301407    1050 native CTGGAG 5 1
   401   -    301409    301681     273 native CCGGAG 6 1
   402   -    301877    302146     270 native GAGGAC 5 1
   403   -    302711    303268     558 native AAGGAA 7 1
   404   -    303616    303927     312 native CAGGAG 7 1
   405   -    303920    304147     228 native CAGGAG 9 1
   406   -    304144    304398     255 native CGGGAA 2 1
   407   -    304458    305219     762 native GAGGTA 8 1
   408   -    305245    305754     510 native CGGGAA 7 1
   409   -    305873    305986     114 native CAGGGG 10 1
   410   -    305993    306685     693 native ATCGGC 5 1
   411   -    306742    306954     213 native ACGGTG 12 1
   412   -    307069    307401     333 native ATGGAG 7 1
   413   +    307952    308170     219 native GAGCAA 9 1
   414   +    308155    308382     228 atypical GCGGCG 5 1
   415   +    308868    309101     234 native GAGGCG 7 1
   416   +    309522    309743     222 native ATGGAG 6 1
   417   +    309986    310261     276 atypical AAGGAG 5 1
   418   +    310344    313010    2667 native CAGTAA 12 1
   419   +    313003    313812     810 native AAGGAG 7 1
   420   +    313984    314244     261 atypical CCCGAA 6 1
   421   +    314598    314981     384 atypical CTGGAG 10 1
   422   +    315010    315711     702 atypical AAGGAG 11 1
   423   -    316064    316405     342 native ATGGAT 7 1
   424   -    316418    317290     873 native GTGAAA 6 1
   425   -    317294    317668     375 native AAGGAA 8 1
   426   +    317807    318037     231 atypical GAGGAG 7 1
   427   +    318139    318795     657 native AAGGAA 6 1
   428   +    318819    319481     663 native CTGGAG 6 1
   429   -    319478    321538    2061 native CAGAAA 10 1
   430   -    321747    322406     660 native GAGGAG 5 1
   431   -    322733    323089     357 native ATGGAG 6 1
   432   -    323156    323446     291 native GAGAGG 6 1
   433   +    323580    324743    1164 native CAGGGG 9 1
   434   -    324813    325454     642 native GAGAAA 6 1
   435   -    325491    326501    1011 native CAGGTT 6 1
   436   -    326531    327301     771 native CAGGAG 5 1
   437   -    327535    328218     684 native GCGATG 5 1
   438   -    328215    329009     795 native AAGGAG 6 1
   439   +    329347    330216     870 native CGTGAG 12 1
   440   +    330344    330751     408 native ACGGAG 6 1
   441   +    330706    331785    1080 native AAGGCC 14 1
   442   -    331845    332363     519 atypical AAGGAG 3 1
   443   -    332342    332686     345 atypical AAGGAT 5 1
   444   -    332709    333548     840 atypical GAGGTT 10 1
   445   -    333641    334438     798 atypical TAGGAT 7 1
   446   -    334460    336259    1800 atypical AGGGAT 8 1
   447   -    336279    337112     834 atypical AGGGAT 6 1
   448   -    337115    338404    1290 atypical CAGGAG 5 1
   449   -    338407    339639    1233 atypical GAGGTA 6 1
   450   +    339912    340949    1038 atypical AAGGAA 7 1
   451   +    340968    341924     957 atypical GAGGGA 5 1
   452   +    342015    342503     489 atypical ATTGAG 7 1
   453   +    342586    343713    1128 atypical AATGAG 8 1
   454   +    344120    344635     516 atypical CAGGAG 7 1
   455   +    344716    344928     213 atypical ATGAAG 6 1
   456   +    345017    345640     624 atypical AAGGTA 5 1
   457   +    345703    346884    1182 atypical CAGGAT 2 1
   458   +    346921    349353    2433 atypical AAGGGA 5 1
   459   -    350081    351052     972 native CTGGAA 4 1
   460   -    351172    352494    1323 native GAGGAA 8 1
   461   -    352510    353568    1059 atypical GAGGAC 6 1
   462   +    353617    354276     660 native CTGGAA 5 1
   463   +    354273    354734     462 native GGGGAA 10 1
   464   +    354724    355059     336 native ATGGCG 13 1
   465   -    355206    355844     639 native GTGGTG 6 1
   466   -    355802    356215     414 native ATGAGG 6 1
   467   -    356224    356835     612 native CAGGAG 6 1
   468   +    357110    357391     282 atypical ATGGAA 7 1
   469   +    357507    357710     204 native GAGGCG 12 1
   470   -    357712    358233     522 native ACGGAG 7 1
   471   -    358255    358764     510 native GATGAT 6 1
   472   -    358778    359005     228 native CTGGAG 8 1
   473   -    359034    359486     453 native ACGAAG 7 1
   474   -    359604    361376    1773 native AAGGGA 6 1
   475   +    361686    362252     567 native CAGGAG 5 1
   476   +    362249    363514    1266 native AAGAGA 13 1
   477   +    363555    363797     243 native CCGGAT 9 1
   478   +    363775    364299     525 native GCGGCG 9 1
   479   +    364296    365267     972 native GAGGAC 5 1
   480   -    365432    367723    2292 native GCGGGA 12 1
   481   -    367752    367862     111 native AGGGAG 6 1
   482   -    367887    368987    1101 native GAGGAA 3 1
   483   -    369375    370121     747 native AAGGAG 5 1
   484   -    370135    370701     567 native ACGAAG 7 1
   485   +    370917    372650    1734 native AAGGTA 5 1
   486   +    372827    373315     489 atypical AAGGAA 7 1
   487   -    373435    373827     393 native TTGGCG 7 1
   488   -    373827    375578    1752 native GCGGCT 6 1
   489   -    375418    375903     486 native GAGAAA 7 1
   490   -    375896    377044    1149 native CAGGAT 7 1
   491   -    377246    377890     645 native GAGGAT 6 1
   492   -    377901    378290     390 native CAGGAG 6 1
   493   -    378305    379354    1050 native AAGGAT 5 1
   494   -    379357    380217     861 native GAGAAG 5 1
   495   -    380236    381840    1605 native GGGGAG 5 1
   496   -    381886    383547    1662 native CAGGAA 8 1
   497   -    383692    384195     504 native AAGGTA 5 1
   498   -    384216    384434     219 native CAGGGA 6 1
   499   -    384431    385471    1041 native CAAAAA 12 1
   500   -    385464    386177     714 native GAGGTG 5 1
   501   -    386261    387109     849 native GAGGAA 2 1
   502   -    387106    387993     888 native AAGGAT 6 1
   503   -    388120    388698     579 native AAGGGC 6 1
   504   -    388701    389051     351 native CTGGGT 7 1
   505   +    389831    390259     429 native AAGGAA 6 1
   506   -    390266    391690    1425 native CAGGAG 8 1
   507   -    391665    392465     801 native GAGGAG 6 1
   508   -    392632    393621     990 native AAGGAG 3 1
   509   -    393633    395147    1515 native ACGGAG 5 1
   510   -    395217    396206     990 native CTGGAG 6 1
   511   +    397002    397505     504 native AAGGAT 7 1
   512   -    397584    397835     252 native CAGGAG 6 1
   513   +    398299    398622     324 native CTGGCT 5 1
   514   +    398793    399290     498 native GTGGAG 7 1
   515   -    399328    399567     240 native GAGGAG 5 1
   516   +    399758    400969    1212 native CAGAAG 5 1
   517   -    401031    401696     666 native AAGGAA 6 1
   518   -    402053    402484     432 atypical ACGGAA 7 1
   519   -    402589    403053     465 atypical AAGTAA 5 1
   520   -    403059    403406     348 atypical GAGGTA 5 1
   521   -    403426    404085     660 atypical AGGGAG 5 1
   522   -    404101    404505     405 atypical AAGGTT 5 1
   523   -    404595    404732     138 native AAGGAA 4 1
   524   +    404804    405007     204 atypical CAGGAG 9 1
   525   +    405029    405379     351 native CAGAGC 6 1
   526   +    405390    405668     279 native CAGGTG 4 1
   527   +    405680    405922     243 native AAGGGT 6 1
   528   +    406118    406321     204 native AAGGAG 5 1
   529   +    406645    407034     390 native GAGAAT 6 1
   530   +    407031    409871    2841 native CGGGAT 7 1
   531   +    409948    410907     960 native AAGGAA 7 1
   532   +    410912    411223     312 native AAGGAG 7 1
   533   +    411287    411877     591 atypical AAGGAG 9 1
   534   -    412367    413413    1047 native ATGGAG 5 1
   535   -    413397    415163    1767 native CAGGGG 5 1
   536   +    415318    415995     678 native GAGGGG 8 1
   537   +    415997    416152     156 atypical ACCGTT 5 1
   538   +    416176    417228    1053 native AAGGAG 10 1
   539   +    417274    418074     801 native ACGGAG 7 1
   540   +    418176    418670     495 native CAGGAG 8 1
   541   +    418670    418870     201 native GCGGAG 8 1
   542   +    418873    419196     324 native GGGGAG 5 1
   543   +    419193    419585     393 native AAGGAG 8 1
   544   +    419582    419989     408 native ACGGAG 10 1
   545   +    420128    420868     741 native CGGGAG 7 1
   546   +    420865    421323     459 native AGGGCG 8 1
   547   +    421268    421852     585 native CCGGAT 3 1
   548   +    421813    422001     189 native CTGGAG 3 1
   549   +    422024    422491     468 native CAGGAG 9 1
   550   +    422484    423119     636 native GTGGGG 8 1
   551   +    423116    423391     276 native GCGGAG 8 1
   552   +    423400    423696     297 native CTGAAA 6 1
   553   +    423693    424043     351 native CAGGAG 7 1
   554   +    424047    424940     894 native AGGGAG 6 1
   555   +    424933    425490     558 native AAGGTG 6 1
   556   +    425465    427597    2133 native CCGGAC 8 1
   557   +    427597    428175     579 native GAGGCT 6 1
   558   -    428219    428791     573 atypical AAGGAG 6 1
   559   -    428948    429436     489 native GAGGAG 8 1
   560   -    429449    429793     345 native CCCGCG 12 1
   561   -    429756    432254    2499 native CGGGAA 8 1
   562   -    432241    432396     156 native ACGGAA 14 1
   563   -    432405    432770     366 native AAGGAG 7 1
   564   -    432825    433337     513 native CTGGGA 8 1
   565   -    433337    434521    1185 native AAGGGG 8 1
   566   +    434679    435779    1101 native CAGGGA 8 1
   567   +    436194    437318    1125 atypical GTGGGA 9 1
   568   +    438054    438194     141 native AAGGAG 8 1
   569   -    438383    438646     264 atypical GTGGTT 5 1
   570   -    439657    440205     549 native CAGATA 13 1
   571   -    440262    442094    1833 native GCGGAG 14 1
   572   -    442091    442747     657 native CTGGAG 8 1
   573   +    443205    443429     225 native GAGGAA 5 1
   574   -    443497    444219     723 native CAGGGG 14 1
   575   -    444449    445201     753 native CAGGAG 11 1
   576   -    445198    445866     669 native CGGGAA 5 1
   577   -    445881    446867     987 native TCGGAG 6 1
   578   -    446972    447772     801 native TCGGGG 5 1
   579   -    447860    448411     552 native CAGGAG 6 1
   580   -    448457    449176     720 native CAGGGC 8 1
   581   -    449341    449880     540 native TTTGAT 5 1
   582   -    449831    450802     972 atypical AAGGAA 6 1
   583   +    451057    451149      93 native AAGGAA 6 1
   584   +    451522    452472     951 native CAGACG 3 1
   585   +    452487    452897     411 native ACGGAG 6 1
   586   +    452897    453262     366 native CAGGAC 8 1
   587   +    453340    454176     837 native ATGGAG 7 1
   588   +    454145    454828     684 native CAGAGT 9 1
   589   -    454862    455029     168 native CGGGCA 11 1
   590   -    455056    455274     219 native CAGGAC 5 1
   591   +    455461    456666    1206 native CAGAGG 8 1
   592   +    456663    456896     234 native AAGGAG 5 1
   593   +    457003    457671     669 native CAGGAG 6 1
   594   -    458066    458380     315 native CAGGAG 6 1
   595   +    458594    460252    1659 native CACGAG 7 1
   596   +    460245    461240     996 native GTGGAT 11 1
   597   +    461233    461919     687 native GCGAGG 6 1
   598   +    462030    463292    1263 native CCGGGC 2 1
   599   +    463311    463754     444 native CAGGAG 10 1
   600   +    463751    464878    1128 native GAGGAA 6 1
   601   +    464983    465447     465 native CAGGAA 11 1
   602   +    465452    466456    1005 native GCGATA 5 1
   603   +    466453    466866     414 native GAGGAA 8 1
   604   +    466866    467234     369 native CCTGAG 6 1
   605   +    467234    467902     669 native CGGGAG 6 1
   606   +    467980    468249     270 native GAGAGG 4 1
   607   +    468258    469043     786 native CGGGTA 9 1
   608   +    469333    469956     624 atypical GAGGGT 5 1
   609   -    470000    470188     189 native CAGGAG 7 1
   610   +    470351    470578     228 native GAGGAA 5 1
   611   +    470876    471295     420 native AAGGGG 14 1
   612   +    471349    471693     345 native GTGACG 5 1
   613   -    471690    473366    1677 native CACGAG 6 1
   614   -    473622    473804     183 native AAGGAG 6 1
   615   -    473883    474794     912 native AGGGAG 5 1
   616   +    474973    475581     609 native CGTGAG 5 1
   617   +    475662    475892     231 native CATTAA 7 1
   618   -    475881    476351     471 native AAGAGG 6 1
   619   -    476332    477750    1419 native CCGGTT 6 1
   620   -    477817    478245     429 native CCGAAG 5 1
   621   +    478310    478585     276 native AAGGTG 5 1
   622   +    478612    479007     396 native CCGGGC 6 1
   623   +    479056    479751     696 native CATAAA 6 1
   624   -    479859    480260     402 atypical AAGGAA 12 1
   625   -    480353    481216     864 atypical GCGGTA 8 1
   626   -    481230    481901     672 atypical AACATA 6 1
   627   +    482018    482431     414 atypical AAGGAT 6 1
   628   +    482597    483544     948 native TCGGTA 6 1
   629   +    483545    484180     636 native CGGGAG 9 1
   630   +    484437    484742     306 atypical GAGGAA 6 1
   631   +    484754    485086     333 atypical CAGACA 5 1
   632   +    485937    486734     798 atypical GCGAGC 6 1
   633   +    487072    487233     162 native ATGGAG 10 1
   634   +    487238    487987     750 native CCTGAG 7 1
   635   -    488181    489485    1305 native GAGAGG 6 1
   636   -    489513    490793    1281 native CTGGAG 9 1
   637   -    490786    492588    1803 native GAGGTG 7 1
   638   -    492575    493114     540 native ATGAAG 10 1
   639   -    493068    494378    1311 native CAGGAA 14 1
   640   +    494545    495504     960 native AGGGAG 11 1
   641   +    495695    501802    6108 native CAGGAG 5 1
   642   +    501890    505507    3618 native ACGGGA 6 1
   643   +    505473    508319    2847 native CGGGCG 7 1
   644   +    508316    510451    2136 native CAGAAT 8 1
   645   +    510677    511063     387 native CTCGCT 6 1
   646   +    511045    511362     318 native ACGGCC 3 1
   647   +    511359    512396    1038 native CCGGAG 8 1
   648   +    512455    513258     804 native AAGGAG 5 1
   649   +    513262    514827    1566 native CAGAAA 8 1
   650   +    514958    516979    2022 native CAGGGA 9 1
   651   +    517629    518378     750 atypical AAGGAG 8 1
   652   +    518511    519767    1257 atypical CCGGAA 3 1
   653   +    519821    520396     576 atypical CAGGTG 2 1
   654   -    520595    521644    1050 atypical AGGGAG 12 1
   655   +    521959    523275    1317 native CAGGAT 4 1
   656   +    523377    524831    1455 native CAGGAG 6 1
   657   +    525174    525890     717 atypical GAGGAG 9 1
   658   -    526521    527975    1455 native AAGGTC 4 1
   659   -    528282    528587     306 native CCCGCA 5 1
   660   -    528636    529232     597 native CCGGAG 6 1
   661   -    529334    530251     918 native CCGGAG 5 1
   662   -    530696    531643     948 native TAGGAA 6 1
   663   -    531705    532055     351 native GTGGGG 8 1
   664   -    532034    532783     750 native AAGAGA 6 1
   665   -    532795    533538     744 native TTGGAG 10 1
   666   -    533535    533909     375 native CCGGAG 12 1
   667   -    535659    535901     243 native ATTGGC 6 1
   668   -    535926    536390     465 native GCGAAG 8 1
   669   -    536387    536686     300 native GAGGTG 6 1
   670   +    536773    537057     285 atypical GCTGCG 8 1
   671   +    537047    537181     135 native ACGGAT 12 1
   672   +    537363    537581     219 native GAGGGA 11 1
   673   +    537818    537937     120 native CCGGCA 7 1
   674   -    538236    538511     276 native CCGGAT 0 1
   675   -    539900    540310     411 native AAGGAG 5 1
   676   +    540496    541464     969 native AAGGAT 8 1
   677   -    541474    541866     393 native AAGGAA 8 1
   678   -    542032    542601     570 native ACGGAG 8 1
   679   +    544314    544520     207 native GAGGAA 7 1
   680   +    544607    545146     540 native GAGGAA 7 1
   681   -    545694    546467     774 atypical CAGTGG 5 1
   682   -    546520    548052    1533 native CCGGTA 12 1
   683   -    548102    548449     348 native CAGGAA 8 1
   684   -    548446    548826     381 native AAGTAT 5 1
   685   -    548915    549175     261 native CAGGAG 0 1
   686   -    549335    550072     738 native AAGGAA 8 1
   687   -    550840    551085     246 native AAGGAG 7 1
   688   -    551358    553289    1932 native AAGGAG 2 1
   689   -    553506    553997     492 native AAGAAA 8 1
   690   -    554937    555161     225 native ATGGGA 6 1
   691   -    555139    555600     462 native AAGAAG 2 1
   692   -    555639    555941     303 native AAGGAG 6 1
   693   +    556048    556353     306 native CAGGTT 14 1
   694   -    556388    557299     912 native GAGGAG 8 1
   695   -    557299    557859     561 native GGGGAA 5 1
   696   -    557850    558935    1086 native ATGAAG 5 1
   697   -    558932    559369     438 native GAGGAC 6 1
   698   -    559362    559976     615 native CAGGGG 10 1
   699   -    559966    561090    1125 native GTGGAG 7 1
   700   -    561074    561493     420 native CAGGCA 6 1
   701   -    561441    561785     345 native ACTGAG 11 1
   702   -    562149    562439     291 native ACGGAC 9 1
   703   -    562405    564480    2076 native ACGAAG 8 1
   704   -    564606    565082     477 native CAGGAA 7 1
   705   -    565097    565462     366 native GTGAGG 6 1
   706   -    565471    566973    1503 native AAGGAG 8 1
   707   -    566966    567214     249 native GAGGAA 6 1
   708   -    567215    567775     561 native CAGAAG 8 1
   709   -    567772    568191     420 native AAGGCC 5 1
   710   -    568188    568541     354 native GCGGAG 7 1
   711   -    568585    569532     948 native GAGGAA 8 1
   712   -    569532    570656    1125 native CCGGCT 12 1
   713   -    570833    571306     474 native ACGGAG 5 1
   714   -    571428    572759    1332 native AAGGGG 7 1
   715   -    572743    574191    1449 native CGGGCG 5 1
   716   -    574161    574331     171 native CGGGGG 8 1
   717   -    574331    575995    1665 native TTGGGT 8 1
   718   -    575995    576576     582 native AAGGGG 6 1
   719   -    576579    576869     291 native AAGGAA 9 1
   720   -    576866    577174     309 native ATGGAG 7 1
   721   -    577155    577382     228 native AAGGAA 5 1
   722   -    577392    577634     243 native CCGGGC 5 1
   723   -    577594    577992     399 native ACGGGG 6 1
   724   -    578057    578557     501 native CATGAG 11 1
   725   -    578629    579054     426 native CCGGAG 6 1
   726   -    579124    579633     510 native CAGGAG 12 1
   727   -    580106    580441     336 atypical CAGGCA 5 1
   728   -    580454    580804     351 native CGGGAG 8 1
   729   -    580819    581130     312 native CGGGAA 8 1
   730   -    581127    581678     552 atypical CAGGGG 6 1
   731   -    581675    582196     522 native GCGGAG 8 1
   732   -    582196    582576     381 native CAGGCG 10 1
   733   -    582732    583274     543 native AAGGAA 8 1
   734   -    583372    583902     531 native AAGGAA 7 1
   735   -    583914    584207     294 native CAGGGG 7 1
   736   -    584239    584481     243 native GAGGAC 6 1
   737   -    584478    584759     282 native CTGGGA 8 1
   738   -    584761    584988     228 native GCGGTA 5 1
   739   -    585028    585249     222 native CAGGTG 5 1
   740   -    585252    586184     933 native GAGGTT 6 1
   741   -    586256    588346    2091 native AAGGCG 7 1
   742   +    588763    589347     585 atypical AAGGAA 9 1
   743   +    591104    591976     873 native CGGGAA 7 1
   744   +    592304    595423    3120 native AAGGAA 6 1
   745   +    595544    595747     204 native ACGGAG 5 1
   746   +    595711    596703     993 native AACGCA 7 1
   747   +    596986    597729     744 native ACGGAC 11 1
   748   +    597726    598076     351 native CTGGGG 3 1
   749   -    598304    599422    1119 native CTGGAG 3 1
   750   -    599461    599841     381 native CTGGTA 11 1
   751   -    599890    600237     348 native CGGGAG 8 1
   752   -    600234    600638     405 native GTGGAC 7 1
   753   +    600637    601068     432 native GCGGTT 9 1
   754   -    601189    601377     189 native ATGAAT 8 1
   755   +    601480    602298     819 native AAGGAG 6 1
   756   +    602532    602834     303 native CCCGTG 10 1
   757   +    603027    603119      93 native CTGGAG 14 1
   758   +    603116    603385     270 native CCGGAA 0 1
   759   +    603382    603603     222 native GAGGTA 7 1
   760   +    603766    603987     222 native GAGGAT 6 1
   761   +    604217    604333     117 native CAGGAA 10 1
   762   +    604586    604687     102 native CCGGAG 8 1
   763   +    605730    606101     372 native CGGGGA 0 1
   764   +    606372    606737     366 atypical CAGGGG 9 1
   765   -    606837    607166     330 native CAGGGG 7 1
   766   -    607338    608396    1059 native ACGGAG 7 1
   767   -    608594    609067     474 native AATGGG 5 1
   768   -    609185    610351    1167 native GAGGGT 6 1
   769   +    610560    611951    1392 native ACGGAT 8 1
   770   -    612029    612256     228 native AAGGTG 5 1
   771   -    612270    613328    1059 native CTGGTT 9 1
   772   -    613507    614259     753 native CATGTT 6 1
   773   -    614256    614534     279 native CTGTTC 6 1
   774   -    614531    614863     333 native AAGGAG 7 1
   775   -    615129    616058     930 native AAGGGG 6 1
   776   -    616104    616928     825 native CAGGAG 7 1
   777   -    617011    617265     255 native AAGGAC 8 1
   778   -    617262    617513     252 native GAGGAG 6 1
   779   +    618070    618567     498 native CTGGCG 4 1
   780   +    618668    618880     213 native GCGAAT 11 1
   781   +    618886    620190    1305 native ATGGAG 8 1
   782   +    620187    621257    1071 native AAGGAG 5 1
   783   +    621257    622324    1068 native GCGGAG 8 1
   784   +    622324    622914     591 native AAGGAG 7 1
   785   +    622914    623651     738 native CTGGAG 5 1
   786   +    623633    624409     777 native AAGGAG 8 1
   787   +    624403    625014     612 native GTGGAG 8 1
   788   -    625111    626091     981 native AGGGTA 0 1
   789   -    626235    627401    1167 native CTGAGA 7 1
   790   -    627650    627892     243 native CAGATC 12 1
   791   -    628003    629055    1053 native CAGGAG 6 1
   792   -    629166    629573     408 atypical CTGGAG 8 1
   793   -    629564    630772    1209 atypical CTGGAA 9 1
   794   -    630772    631902    1131 atypical GAGAGT 6 1
   795   -    631899    633023    1125 atypical CTGGTG 6 1
   796   -    633007    634041    1035 atypical AAGGTG 5 1
   797   -    634053    634847     795 atypical GAGGAT 2 1
   798   -    635153    635884     732 atypical GCGGGG 5 1
   799   -    636051    636674     624 atypical AACAAG 8 1
   800   -    637203    637745     543 atypical AAGGTT 9 1
   801   -    637750    638628     879 native AAGGAA 7 1
   802   -    638686    639585     900 atypical GAGGGC 8 1
   803   -    639585    640670    1086 atypical ATGGAA 7 1
   804   -    641042    641935     894 native GTGGAT 6 1
   805   -    642110    643324    1215 native AAGGGC 11 1
   806   -    643514    644734    1221 native CAGGGA 6 1
   807   -    644731    646011    1281 native GAGGAA 3 1
   808   -    646157    647635    1479 native GCGGCA 7 1
   809   -    647637    649031    1395 native CAGGAA 5 1
   810   -    649167    650537    1371 native AAGGGT 6 1
   811   -    650730    652166    1437 native CGGGGA 5 1
   812   -    652169    653392    1224 native CCGGAG 10 1
   813   -    653389    653871     483 native CGGGGG 2 1
   814   -    653871    654836     966 native CTGGAG 8 1
   815   -    654839    655432     594 native GCGAAT 8 1
   816   -    655452    655961     510 native GAGGAA 6 1
   817   -    655987    656535     549 native AAGGAG 5 1
   818   -    656551    657297     747 native AAGAAT 6 1
   819   -    657308    658525    1218 native CTGGAG 4 1
   820   -    658500    659717    1218 native AAGGTA 5 1
   821   -    659714    660202     489 native CGGGGG 8 1
   822   -    660205    661044     840 native CGGGAG 8 1
   823   -    661137    662207    1071 native ACGGCG 0 1
   824   -    662213    662737     525 native AAGGCG 8 1
   825   -    662737    663198     462 native AGCGCG 7 1
   826   -    663299    663742     444 native CTGGTA 6 1
   827   -    663748    664872    1125 native ATGAAA 6 1
   828   +    665502    665789     288 native CATGAT 6 1
   829   +    665832    666116     285 native GTGGTG 11 1
   830   +    666303    666413     111 native CCGAAG 5 1
   831   +    666410    666655     246 native CAGGAA 6 1
   832   +    666649    667125     477 native GCGAAC 14 1
   833   -    667469    667678     210 native CAGGGG 5 1
   834   -    668064    669251    1188 native GAGGAT 3 1
   835   -    669273    669854     582 native AAGGAG 8 1
   836   -    669946    670587     642 native CAGGTC 9 1
   837   +    670905    672425    1521 native GCGGAT 9 1
   838   +    672380    674215    1836 native CCGAAA 10 1
   839   -    674254    675111     858 native AAGGAG 5 1
   840   +    675244    676596    1353 native ATGGGG 8 1
   841   -    676629    677111     483 native CGGGCG 11 1
   842   -    677108    677500     393 native CCGGCG 8 1
   843   -    677573    678547     975 native CTGGCG 11 1
   844   -    678544    679305     762 native CTGGAC 6 1
   845   -    679302    679961     660 native AAGGAT 5 1
   846   +    681265    682422    1158 native CTGGCA 8 1
   847   +    682422    685544    3123 native AAGGAG 10 1
   848   +    685545    687476    1932 native GAGGAG 6 1
   849   +    687476    688621    1146 native CGGGGG 14 1
   850   +    688622    690037    1416 native ACGGTA 9 1
   851   +    690034    691437    1404 native AAGGAG 6 1
   852   +    691434    692156     723 native CAGAGA 5 1
   853   +    692347    692679     333 native AAGGAG 5 1
   854   +    692933    693184     252 native CAGGCG 8 1
   855   +    693186    693482     297 atypical AAGGAA 5 1
   856   +    693585    694946    1362 native AACGAG 6 1
   857   -    695276    695593     318 atypical GGGGAA 6 1
   858   +    696008    696907     900 native AAGGCA 9 1
   859   -    696989    697762     774 native ATGGGT 8 1
   860   -    697868    698125     258 native CTGGTG 6 1
   861   +    698120    698239     120 native AATGCA 7 1
   862   -    698231    698506     276 native ACTGAT 0 1
   863   -    698742    698906     165 atypical CAGGAG 5 1
   864   -    698954    700309    1356 native CAGGGG 6 1
   865   -    700313    700597     285 native AAGGAC 5 1
   866   -    700777    701079     303 native AAGGAC 5 1
   867   -    701089    702351    1263 native AAGGAA 5 1
   868   -    702380    703240     861 native CAGGAT 0 1
   869   -    703544    704596    1053 native CGGGAG 7 1
   870   +    704853    706130    1278 native AAGGAA 7 1
   871   +    706127    707131    1005 native AAGGGG 7 1
   872   +    707128    708093     966 native CGGGAG 5 1
   873   -    708067    708813     747 native CAGGAA 8 1
   874   -    708865    709683     819 native CAGGGA 8 1
   875   -    709748    710311     564 native ACTAAA 6 1
   876   -    710319    710546     228 native CAGGAG 8 1
   877   -    710543    711331     789 native CAGGAG 6 1
   878   -    711554    711826     273 native CAGGTG 5 1
   879   +    711947    712771     825 native AAGAAT 7 1
   880   +    712990    713328     339 native GTGGAG 5 1
   881   -    713409    714485    1077 atypical AAGAGA 3 1
   882   -    714457    716181    1725 native CGTGAT 6 1
   883   -    716112    716936     825 native CAGGAG 6 1
   884   -    716952    717626     675 atypical AAGAGG 7 1
   885   -    717707    718249     543 atypical AAGGAA 6 1
   886   -    718542    718823     282 native CAGGGA 9 1
   887   -    719086    720195    1110 native AAGGAG 5 1
   888   +    720327    722360    2034 native AAGAAG 11 1
   889   +    722501    723418     918 atypical CAGGGA 6 1
   890   +    723437    726061    2625 native ACGGCA 13 1
   891   +    726058    726294     237 native CTGGAT 7 1
   892   +    726304    728610    2307 native AAGGAA 5 1
   893   +    728633    729937    1305 native CTGGAA 12 1
   894   +    729999    730316     318 atypical GCGGGG 6 1
   895   -    730426    730515      90 native AAGGAG 5 1
   896   -    731034    731123      90 native AAGGAG 5 1
   897   +    731556    732644    1089 native CAGGGA 7 1
   898   +    732655    734934    2280 native GAGGAA 6 1
   899   +    734927    735343     417 native GGGGAG 6 1
   900   +    735343    735732     390 native CAGATA 0 1
   901   +    735648    736061     414 native ATGGCG 8 1
   902   +    736058    738058    2001 native GCGGAG 11 1
   903   +    738183    738314     132 native ATGGAG 6 1
   904   +    738381    738770     390 native GTGGGA 6 1
   905   +    738767    739114     348 native CAGGAA 8 1
   906   +    739164    740138     975 native CCGGTA 12 1
   907   +    740081    740548     468 native CTTGCT 8 1
   908   +    740632    740940     309 atypical AAGGTG 5 1
   909   -    740980    741450     471 native CTGAAG 5 1
   910   -    741497    742216     720 native GAGGGA 6 1
   911   -    742213    743898    1686 native GTGGTT 7 1
   912   +    744120    744773     654 native AAGGGT 6 1
   913   +    744912    745019     108 native AAGGAG 6 1
   914   -    745000    745731     732 native GAGGCG 7 1
   915   -    745736    746662     927 native AAGGTG 7 1
   916   -    746655    747812    1158 native GCGAAG 9 1
   917   -    747819    748736     918 native GAGGAA 6 1
   918   -    748947    751034    2088 native GAGGCG 9 1
   919   -    751031    751243     213 native GAGGAA 11 1
   920   +    751439    753154    1716 native AAGGAG 6 1
   921   -    753192    754124     933 native CTGAAT 7 1
   922   -    754298    754714     417 native CTGGAA 8 1
   923   +    755053    755631     579 native AGGGAG 12 1
   924   -    755761    756522     762 native GTGGAG 6 1
   925   -    756575    758011    1437 native CTGATT 8 1
   926   -    758706    759656     951 native CGGGTG 5 1
   927   +    759895    760293     399 native CTGGGG 8 1
   928   +    760290    760985     696 native AAGGAT 7 1
   929   +    761115    761999     885 native GAGGCA 5 1
   930   +    762149    762868     720 native ATCGAG 8 1
   931   +    762871    763110     240 native AAGGAA 7 1
   932   +    763429    764667    1239 native AAGGAA 6 1
   933   +    764661    765896    1236 native AGGGAG 7 1
   934   -    765967    766977    1011 native TAGGGG 6 1
   935   -    766974    768050    1077 native CCGTTT 5 1
   936   -    768041    768511     471 native AAGGTA 7 1
   937   -    768572    769570     999 native CCGGAG 5 1
   938   -    769850    770890    1041 native CAGGTA 6 1
   939   -    771032    772189    1158 native AAGGCA 6 1
   940   -    772206    772595     390 native ATTGAA 6 1
   941   -    772686    772892     207 native CAGGAG 9 1
   942   +    773150    773605     456 native AAGGAG 6 1
   943   +    773497    773985     489 native GACGCA 7 1
   944   -    774017    776008    1992 native ATGGAG 7 1
   945   -    776301    777770    1470 native ATGGAT 11 1
   946   -    777975    778856     882 native GTGGTA 7 1
   947   +    778955    780004    1050 native AAGGAG 6 1
   948   +    780078    780935     858 native CAGGAG 7 1
   949   +    780939    782027    1089 native GCGGTG 9 1
   950   -    782083    782769     687 native CTGGTT 5 1
   951   -    782961    783332     372 native AAGAGA 8 1
   952   -    783432    784373     942 native GAGGAA 7 1
   953   +    784503    785201     699 native GCGGAT 7 1
   954   -    785269    786519    1251 native AAGGGA 8 1
   955   -    786613    787551     939 native GTGGAG 8 1
   956   -    787539    788480     942 native GAGGAC 5 1
   957   -    788904    790595    1692 native CAGGAG 7 1
   958   -    790612    791550     939 native GGGGAG 8 1
   959   -    791550    792680    1131 native GAGGAG 4 1
   960   +    793048    794229    1182 native AGTGAT 8 1
   961   -    794226    794480     255 native AAGAGA 7 1
   962   +    794635    795207     573 native CAGGAA 7 1
   963   +    795430    795936     507 native AAGACG 8 1
   964   +    795825    796892    1068 native CCGAAA 7 1
   965   +    797009    797176     168 native GCGGAG 5 1
   966   +    797221    797994     774 native ATGGTT 5 1
   967   +    798033    798746     714 native GAGAAA 2 1
   968   +    799157    799723     567 native AAGGGA 11 1
   969   +    799904    801460    1557 native CAGGAA 12 1
   970   +    801542    803107    1566 native AAGGAA 11 1
   971   +    803080    803355     276 native AATGCC 6 1
   972   +    803356    804114     759 native CAGGGA 6 1
   973   +    804089    804451     363 native GCGGCG 6 1
   974   +    804451    805473    1023 native GAGGGA 5 1
   975   +    805475    807370    1896 native AAGGCG 7 1
   976   -    807747    808937    1191 native CAGGAG 6 1
   977   -    808965    809660     696 native CAGGCA 11 1
   978   +    809809    811569    1761 native CGCGAG 3 1
   979   +    811694    811978     285 native AAGAGA 7 1
   980   -    812117    812959     843 native AATAAA 9 1
   981   -    812848    813123     276 native AAGGAG 8 1
   982   +    813305    813532     228 native ACTGAT 8 1
   983   +    813552    815312    1761 native CAGATA 7 1
   984   +    815682    816923    1242 native GTGGAA 10 1
   985   +    817420    817626     207 native AAGGTA 7 1
   986   -    817775    817948     174 atypical CAGGAC 6 1
   987   -    818006    818179     174 atypical AAGGGT 7 1
   988   +    818310    818870     561 native TAGGAG 5 1
   989   +    818860    819102     243 native CAGGAG 7 1
   990   +    819075    819296     222 atypical ATGGGG 7 1
   991   +    819298    819486     189 atypical ACGGGG 6 1
   992   +    819536    819835     300 native CCGGAG 10 1
   993   +    819832    820251     420 native CAGGGG 6 1
   994   +    820248    820505     258 native GCGAAA 13 1
   995   +    820502    820699     198 native CACGTG 5 1
   996   +    820865    820969     105 native CATGTA 5 1
   997   +    820962    821210     249 native CTGGTG 3 1
   998   +    821411    821656     246 native GAGTAG 6 1
   999   +    821786    821980     195 native CAGGAG 8 1
  1000   +    821984    822145     162 atypical GAGGCG 6 1
  1001   +    822273    822761     489 atypical GAGGTT 5 1
  1002   +    822773    822934     162 atypical GAGGTA 7 1
  1003   +    822924    823499     576 atypical CAGGAG 10 1
  1004   +    823463    823846     384 native GAGGGC 0 1
  1005   -    824313    824525     213 native CTGAAA 6 1
  1006   -    824538    826214    1677 native CTGGAG 3 1
  1007   -    826196    826903     708 atypical ATGAAA 5 1
  1008   +    827223    827870     648 native CAGGAG 6 1
  1009   -    827905    828957    1053 native AAGGAG 8 1
  1010   -    828954    829511     558 native CCGGAG 5 1
  1011   -    829508    831451    1944 native AAGGAC 8 1
  1012   -    831448    831771     324 native GTGAAA 8 1
  1013   -    831729    831926     198 native CAGGAG 5 1
  1014   -    831910    832131     222 native AAGAGG 6 1
  1015   -    832128    832889     762 native CTGGAT 9 1
  1016   -    832907    833569     663 native AACGAG 6 1
  1017   -    833566    834189     624 native CAGGGT 6 1
  1018   -    834202    834804     603 native AAGAGG 5 1
  1019   -    834814    835263     450 native CGGGAG 7 1
  1020   -    835260    836123     864 native CTGGAG 7 1
  1021   -    836110    836805     696 native AAGGTG 9 1
  1022   -    836812    839298    2487 native GAGGAA 5 1
  1023   -    839295    839558     264 native GCGGAG 7 1
  1024   -    839548    840042     495 native ATGGAA 7 1
  1025   +    840451    840939     489 native AAGGAA 9 1
  1026   -    841088    841654     567 native GTGGGA 4 1
  1027   -    841654    842733    1080 native AAGGCA 8 1
  1028   -    842951    844594    1644 native CCGGGT 7 1
  1029   -    844670    845320     651 native GAGGAG 5 1
  1030   -    845320    846384    1065 native AGGGAG 6 1
  1031   -    846458    847513    1056 native GAGGAT 8 1
  1032   -    847625    848716    1092 native GAGGGT 7 1
  1033   +    849455    852127    2673 native CAGGTC 10 1
  1034   +    852144    852794     651 native AAGGTA 9 1
  1035   -    852880    854613    1734 native GTGGGT 9 1
  1036   -    854660    855724    1065 native GCGGAG 10 1
  1037   -    855999    856775     777 native ATGGAC 7 1
  1038   -    856780    858429    1650 native CAGGTG 6 1
  1039   -    858430    861237    2808 native ACGTAT 6 1
  1040   -    861141    861941     801 native GATGTT 6 1
  1041   -    861941    862957    1017 native CTGGCG 14 1
  1042   +    863729    864064     336 atypical CCGAAT 6 1
  1043   +    864049    864348     300 atypical CAGATA 5 1
  1044   -    865622    866269     648 atypical ATGGGG 8 1
  1045   -    866420    866743     324 native CAGGAG 6 1
  1046   -    866745    867023     279 native CAGGTG 11 1
  1047   -    867346    867828     483 native CCGGGA 8 1
  1048   -    867798    868055     258 native GTGGGG 5 1
  1049   -    868115    868288     174 native AAGGGG 13 1
  1050   -    868316    868525     210 native ACGGAC 8 1
  1051   -    868622    868711      90 native GAGAGG 5 1
  1052   -    868777    868992     216 native CATGCC 8 1
  1053   -    869055    870593    1539 native CTGGTA 11 1
  1054   -    870642    870989     348 native CGGGAG 8 1
  1055   -    870986    871390     405 native GTGGAC 7 1
  1056   -    871419    873335    1917 native CTGGAA 8 1
  1057   -    873364    874716    1353 native ATGGAG 8 1
  1058   -    874777    875409     633 native CTGGCG 9 1
  1059   -    875346    875684     339 native CGGGAA 5 1
  1060   -    875743    875964     222 native AAGATA 7 1
  1061   -    876074    876487     414 native ATGGTG 6 1
  1062   -    876559    876762     204 native CAGGTG 8 1
  1063   -    876932    877087     156 native CCGGAG 0 1
  1064   -    877077    877220     144 native CAGAAT 6 1
  1065   -    877214    877630     417 native CAGAAT 8 1
  1066   -    877624    878709    1086 native ACGGGC 11 1
  1067   -    878675    879628     954 native GAGGTG 6 1
  1068   -    879609    880022     414 native CTGGCG 6 1
  1069   -    880049    880480     432 native ACGGAG 7 1
  1070   -    880494    881195     702 native CCGGTA 7 1
  1071   -    881251    881646     396 native AAGGAT 12 1
  1072   -    881643    882218     576 native CAGGGT 5 1
  1073   -    882233    882586     354 native GTGGAA 9 1
  1074   -    882579    882953     375 native CAGGGG 6 1
  1075   -    883005    883889     885 native AAGGAA 7 1
  1076   -    883947    884294     348 native CAGGAG 11 1
  1077   -    884331    885836    1506 native GAGGAG 10 1
  1078   -    885897    887210    1314 native ACGGAT 8 1
  1079   -    887239    887610     372 native CCGGAG 6 1
  1080   -    887594    887839     246 native GAGGCG 9 1
  1081   -    887910    888374     465 native ATGGAT 7 1
  1082   -    888319    889521    1203 native CCGGAT 7 1
  1083   -    889493    889735     243 native AATGAG 0 1
  1084   +    890946    891239     294 atypical CAGGAT 6 1
  1085   -    891271    891732     462 native GTGGGG 6 1
  1086   -    891729    892004     276 native CAGAAT 11 1
  1087   -    892001    892225     225 native GAGAGG 6 1
  1088   -    892225    892440     216 native CGGGAG 7 1
  1089   -    893055    893216     162 native AATGCG 11 1
  1090   -    893302    894018     717 atypical TTGGGG 5 1
  1091   -    894298    894921     624 native CAGGGA 8 1
  1092   -    894918    895583     666 native CAGAAG 9 1
  1093   -    895580    896182     603 atypical AAGGAG 5 1
  1094   -    896157    896723     567 atypical GAGGAA 7 1
  1095   +    897251    899050    1800 atypical AATAGT 7 1
  1096   -    899733    900260     528 native AAGGTA 7 1
  1097   -    900257    900529     273 native CAGGAC 12 1
  1098   -    900709    900915     207 native GGGGAG 8 1
  1099   -    901406    901972     567 native ACGGGG 7 1
  1100   -    902004    902342     339 native CAGAAA 11 1
  1101   -    902282    902905     624 atypical CAGGAG 5 1
  1102   -    903343    903528     186 atypical TCGGAG 7 1
  1103   +    903609    904259     651 atypical AAGATG 8 1
  1104   +    904574    904879     306 atypical AAGGAG 6 1
  1105   +    904882    905220     339 atypical ACGGTG 10 1
  1106   +    905354    905824     471 atypical GAGGTG 4 1
  1107   +    905974    906342     369 atypical GAGGAT 8 1
  1108   +    906415    906579     165 atypical AAGGAG 6 1
  1109   +    906767    907063     297 native CAGGAG 7 1
  1110   +    907069    907854     786 native GAGGTA 8 1
  1111   +    907851    908528     678 atypical AAGGTG 5 1
  1112   +    908723    908950     228 atypical AACGAG 7 1
  1113   +    908947    909162     216 native ATGGGA 8 1
  1114   +    909257    909391     135 atypical CAGGGA 10 1
  1115   +    909474    910079     606 native GAGAGG 6 1
  1116   +    910076    910426     351 native AGGGAG 7 1
  1117   +    910862    911206     345 atypical ATGGAG 7 1
  1118   +    911508    912578    1071 atypical GAGGAT 5 1
  1119   -    912593    913198     606 native CTGGCA 6 1
  1120   -    913195    914883    1689 native AAGGAA 7 1
  1121   -    915032    917659    2628 native GAGGGA 10 1
  1122   +    917806    918498     693 native ACGGAG 11 1
  1123   -    918655    918774     120 native CGGGTG 8 1
  1124   -    918777    922388    3612 native ATGGTT 8 1
  1125   +    923083    924939    1857 native CAGGTA 8 1
  1126   +    924939    925367     429 native CACGCT 10 1
  1127   +    925455    926057     603 native CAGGAC 6 1
  1128   +    926047    926583     537 native ACTGTA 10 1
  1129   +    926583    926837     255 native GAGTAA 12 1
  1130   -    926891    927541     651 native CAGGCG 7 1
  1131   +    927756    927962     207 native TCGGAT 6 1
  1132   -    928004    929080    1077 native ACGGAG 9 1
  1133   -    929085    930443    1359 native ACGGAG 7 1
  1134   +    930716    932344    1629 native GAGGGA 5 1
  1135   +    932334    933593    1260 native AAGGAG 7 1
  1136   +    933590    934780    1191 native CAGGAG 7 1
  1137   +    934974    935876     903 native CAGGTG 10 1
  1138   -    935917    936387     471 native CCGGCA 4 1
  1139   -    936442    937644    1203 native CAGGAG 6 1
  1140   -    937744    938286     543 native AAGGGG 3 1
  1141   +    938562    938987     426 native AAGGAA 7 1
  1142   -    939026    939604     579 native GCCGCT 5 1
  1143   +    939936    941075    1140 native AAGGAA 5 1
  1144   +    941079    942047     969 native CAGGAC 8 1
  1145   +    942047    944029    1983 native AAGGAA 8 1
  1146   +    944026    944916     891 native ACGGAT 8 1
  1147   +    944916    946568    1653 native GCGGGT 8 1
  1148   +    946565    946900     336 native CAGTAT 8 1
  1149   +    946900    947286     387 native CGGGAG 9 1
  1150   -    947280    947546     267 native CAGGAT 6 1
  1151   -    947656    947874     219 native GCGGTT 6 1
  1152   -    947826    949010    1185 native CTGGAG 8 1
  1153   -    949007    949969     963 native ACGGAA 6 1
  1154   -    949969    950826     858 native AAGGAC 5 1
  1155   -    950841    951599     759 native CAGGTA 8 1
  1156   -    951596    953266    1671 native CCGGAC 6 1
  1157   -    953355    954650    1296 native AGGGAG 8 1
  1158   -    954871    955035     165 native ATGGAG 7 1
  1159   -    955090    955551     462 native AAGGAG 6 1
  1160   +    955616    956533     918 native AACGTG 8 1
  1161   +    956724    957941    1218 atypical AAGGAG 6 1
  1162   -    958012    959766    1755 native AAGGAT 5 1
  1163   +    960036    960875     840 native TAGAAA 5 1
  1164   +    960978    961481     504 native GAGGAA 6 1
  1165   -    961548    963005    1458 native AAGGCC 10 1
  1166   -    963012    963509     498 native GCGGTA 6 1
  1167   -    963451    964539    1089 native AAGGAA 11 1
  1168   -    964703    966544    1842 native GAGATG 5 1
  1169   -    966541    967395     855 native AAGGAG 7 1
  1170   -    967407    967949     543 native AAGGGG 10 1
  1171   -    967964    968107     144 native CTGAAA 11 1
  1172   -    968104    968940     837 native AAGGAG 8 1
  1173   -    968937    971663    2727 native CTGGAA 8 1
  1174   -    971716    973053    1338 native CTGGAG 8 1
  1175   -    973050    973550     501 native GTGGAC 8 1
  1176   -    973553    975343    1791 native ATGGTG 6 1
  1177   -    975449    976111     663 native GAGGCA 5 1
  1178   -    976127    976570     444 native GATGAG 6 1
  1179   -    977201    978139     939 native AAGTGA 6 1
  1180   +    979059    979628     570 native AAGGTC 7 1
  1181   +    979637    980275     639 native ATGGAG 3 1
  1182   +    980359    980958     600 native ACGTAA 7 1
  1183   -    981017    982849    1833 native AAGGAT 5 1
  1184   -    982936    983586     651 native GAGGAG 6 1
  1185   -    983597    984091     495 native CAGGAG 6 1
  1186   -    984174    984629     456 native GAGGTG 4 1
  1187   +    984967    986169    1203 native TAGGTA 5 1
  1188   +    986244    988388    2145 native GAGGAT 5 1
  1189   +    988578    990098    1521 native AAGGGA 11 1
  1190   -    990131    990673     543 native AAGAAG 11 1
  1191   -    990844    991281     438 native GAGGAG 6 1
  1192   -    991337    991981     645 native CCGAGG 5 1
  1193   +    992117    992764     648 native CCGGAG 5 1
  1194   +    992821    993183     363 native ACGGAG 8 1
  1195   +    993204    994097     894 native CGGGAG 5 1
  1196   -    994145    994306     162 native AAGGAG 6 1
  1197   -    994461    995033     573 native GAGGGG 12 1
  1198   -    995235    996002     768 native ACTGAG 6 1
  1199   -    996010    996219     210 native ACGAAG 8 1
  1200   -    996225    996725     501 native AAGAGG 8 1
  1201   -    996722    997408     687 native CAGGAC 7 1
  1202   -    997498    998280     783 native GTTGAG 6 1
  1203   -    998476    999282     807 native GAGGGT 5 1
  1204   -    999547    1000116     570 native CAGGGC 8 1
  1205   -    1000211    1001728    1518 native GAGGAA 8 1
  1206   -    1001765    1002253     489 native GTGGGA 5 1
  1207   -    1002512    1003174     663 native GAGGAG 5 1
  1208   -    1003164    1004330    1167 native GCTGAG 9 1
  1209   -    1004341    1004436      96 native GCGGAT 3 1
  1210   -    1004506    1005420     915 native CAGAAA 8 1
  1211   -    1005576    1006019     444 native AACGAT 12 1
  1212   -    1006016    1006234     219 native AAGGCA 9 1
  1213   -    1006317    1007129     813 native CAGGAG 11 1
  1214   -    1007129    1008142    1014 native CTGGAG 9 1
  1215   -    1008208    1009344    1137 native CAGGTA 8 1
  1216   +    1009443    1009742     300 native AAGGAT 5 1
  1217   +    1009886    1010437     552 native CAGGAA 6 1
  1218   -    1010434    1011612    1179 native CTGGAG 6 1
  1219   -    1011896    1013116    1221 native CAGAGG 6 1
  1220   +    1013275    1015281    2007 native GACGAG 8 1
  1221   -    1015402    1015680     279 native GAGGAA 5 1
  1222   -    1015714    1015836     123 native CAGGTG 0 1
  1223   -    1015836    1016261     426 native GGGGAT 6 1
  1224   -    1016261    1017070     810 native CACGTG 5 1
  1225   -    1017070    1017408     339 native CAGAAA 8 1
  1226   -    1017465    1017893     429 native CTGGTA 4 1
  1227   -    1017897    1018982    1086 native ACGGAG 5 1
  1228   -    1019017    1019949     933 native CTGGAG 6 1
  1229   +    1020164    1020664     501 native CAGGCT 12 1
  1230   -    1020737    1021336     600 native CCTGAA 6 1
  1231   -    1021590    1022129     540 native GTGGAT 5 1
  1232   -    1022126    1022614     489 native GTGGAT 5 1
  1233   -    1022611    1023120     510 native CGGGAG 6 1
  1234   -    1023136    1023888     753 native AAGGAA 6 1
  1235   -    1023908    1026553    2646 native ACGGAT 10 1
  1236   -    1026635    1027198     564 native AAGGAC 5 1
  1237   -    1027882    1028367     486 native GCGGTG 4 1
  1238   -    1028569    1028838     270 native ACGGTG 10 1
  1239   -    1028844    1030631    1788 native CCGGTG 5 1
  1240   -    1030711    1031136     426 native AAGAAT 8 1
  1241   -    1031142    1032020     879 native CAGGGG 6 1
  1242   -    1032196    1032480     285 native GAGGAA 7 1
  1243   +    1032852    1034192    1341 native GAGGTT 6 1
  1244   +    1034555    1034995     441 atypical ATGGAA 7 1
  1245   +    1035275    1035610     336 atypical CAGTAA 7 1
  1246   -    1035790    1036545     756 native AGGGAG 6 1
  1247   +    1036839    1037771     933 native GAGAAG 5 1
  1248   +    1038047    1039240    1194 atypical ACGGGT 5 1
  1249   -    1039485    1040627    1143 atypical CAGTAA 13 1
  1250   -    1040698    1042821    2124 atypical CTGGAG 7 1
  1251   +    1042943    1043209     267 atypical GAGGCA 6 1
  1252   +    1043280    1043765     486 atypical AAGGAG 10 1
  1253   -    1043780    1045039    1260 atypical AAGGTG 14 1
  1254   -    1045286    1045624     339 native ACGGTG 5 1
  1255   -    1045624    1047030    1407 atypical AAGGGG 5 1
  1256   -    1047040    1047732     693 native CGGGAG 6 1
  1257   -    1047735    1048190     456 native GCGGAG 5 1
  1258   -    1048190    1049038     849 native AAGGAT 6 1
  1259   -    1049038    1050456    1419 native TAGGTG 5 1
  1260   -    1050465    1050947     483 atypical AAGGCG 7 1
  1261   -    1050922    1051107     186 native AAGGAA 5 1
  1262   -    1051150    1052421    1272 native AAGGAA 7 1
  1263   -    1052433    1052852     420 atypical GAGAAA 7 1
  1264   -    1052776    1053312     537 native CAGGAG 6 1
  1265   -    1053326    1054783    1458 native CTGGTT 8 1
  1266   -    1054770    1055450     681 atypical CCGGTT 7 1
  1267   -    1055422    1056864    1443 native CGGAAA 0 1
  1268   -    1056861    1057286     426 native AAGGGA 10 1
  1269   -    1057366    1057608     243 native ACGGAG 6 1
  1270   -    1057712    1058083     372 native CAGGGT 7 1
  1271   -    1058367    1058885     519 atypical AAGGTA 8 1
  1272   -    1059091    1059528     438 native GAGAGA 7 1
  1273   -    1059525    1060001     477 native CCGGAG 6 1
  1274   -    1059985    1060302     318 native AAGACA 5 1
  1275   -    1061381    1061713     333 native AAGGTA 6 1
  1276   -    1061730    1061858     129 native CCGGAT 5 1
  1277   -    1061900    1062001     102 native CAGGGA 8 1
  1278   -    1062284    1062421     138 native GTGGAA 11 1
  1279   -    1062466    1062726     261 native AAGAAA 8 1
  1280   -    1063182    1063406     225 atypical AAGGAA 9 1
  1281   -    1063431    1063640     210 native AACGAG 6 1
  1282   -    1064174    1064584     411 native GAGAAG 7 1
  1283   -    1064736    1064912     177 atypical ATGGAG 6 1
  1284   -    1065378    1065593     216 native GAGGCT 7 1
  1285   -    1065680    1067056    1377 native CAGGGG 6 1
  1286   -    1067053    1067817     765 atypical GTGGAG 6 1
  1287   -    1067861    1068022     162 native CAGGAG 5 1
  1288   -    1068058    1068336     279 atypical AAGGAA 10 1
  1289   -    1068446    1068670     225 native GAGGTA 5 1
  1290   +    1069528    1069824     297 atypical GCGGAG 5 1
  1291   +    1070256    1070528     273 native TCGGAG 6 1
  1292   +    1070531    1070893     363 atypical ACGGCG 8 1
  1293   -    1071183    1071419     237 atypical GAGAGT 7 1
  1294   +    1071620    1072090     471 atypical GAGGTG 4 1
  1295   +    1072234    1072545     312 native ACGGAG 5 1
  1296   +    1072740    1072892     153 atypical CTGGAG 5 1
  1297   +    1072968    1073138     171 native AAGGAG 6 1
  1298   +    1073149    1073754     606 native GAGAAC 6 1
  1299   +    1073754    1074137     384 native AAGGAG 10 1
  1300   +    1074161    1074454     294 native AAGGAT 6 1
  1301   +    1074608    1075213     606 atypical CTGAAT 5 1
  1302   +    1075210    1075533     324 native AAGGAG 7 1
  1303   +    1075452    1075877     426 native CCGGCT 3 1
  1304   +    1075879    1076067     189 atypical AAGGAG 6 1
  1305   +    1076071    1076688     618 native GAGGAT 5 1
  1306   +    1076685    1077272     588 native GAGGAT 8 1
  1307   +    1077269    1077550     282 atypical CAGGAG 5 1
  1308   +    1077696    1077956     261 atypical ACGGCG 11 1
  1309   +    1078008    1078310     303 native AAGGAG 6 1
  1310   +    1078346    1079164     819 native ATTGAA 3 1
  1311   +    1079994    1080659     666 atypical GCGAGG 7 1
  1312   +    1080693    1081184     492 atypical GTGAAG 8 1
  1313   -    1082601    1083125     525 native ATGGCC 8 1
  1314   -    1083064    1083444     381 native GCGAAT 8 1
  1315   -    1083441    1083740     300 native CAGAGG 6 1
  1316   -    1083917    1084396     480 atypical AAGAGT 6 1
  1317   -    1084456    1086066    1611 atypical CGGGCG 10 1
  1318   -    1086918    1087739     822 atypical AAGTAA 10 1
  1319   +    1088690    1089082     393 native CCGAAG 5 1
  1320   +    1089082    1089429     348 native AAGGGA 10 1
  1321   +    1089449    1091020    1572 native GAGGAT 0 1
  1322   +    1091103    1092152    1050 native GCGATG 5 1
  1323   -    1092593    1093327     735 atypical ACGGAT 4 1
  1324   -    1093329    1094129     801 atypical ATGGAA 12 1
  1325   +    1094928    1095401     474 atypical AAGGAA 6 1
  1326   -    1095702    1096076     375 atypical ATGGCT 8 1
  1327   -    1096063    1096554     492 atypical GGGGAG 5 1
  1328   -    1096691    1097689     999 atypical GAGGAA 12 1
  1329   +    1098021    1098395     375 native CGGGAA 7 1
  1330   +    1098416    1098898     483 native CCGGAC 12 1
  1331   +    1099267    1102113    2847 native AAGGAA 6 1
  1332   +    1102441    1103259     819 native AAGGAG 6 1
  1333   +    1103351    1103836     486 native AAGGAA 7 1
  1334   +    1103852    1104328     477 native ATGGAG 9 1
  1335   +    1104391    1104612     222 native GAGGTA 7 1
  1336   +    1104686    1105093     408 native AAGGAT 6 1
  1337   -    1105634    1106881    1248 atypical CAGGTA 7 1
  1338   -    1106953    1107282     330 native ATGGCG 8 1
  1339   -    1107233    1107865     633 native AAGGGA 5 1
  1340   +    1108081    1109514    1434 native CAGGAT 7 1
  1341   -    1109522    1110517     996 native ACGGCT 5 1
  1342   +    1110760    1110978     219 atypical ATGGAT 4 1
  1343   +    1110996    1112324    1329 native AAGAGA 6 1
  1344   -    1112432    1113970    1539 atypical ATGGAC 7 1
  1345   -    1113970    1115133    1164 atypical AATGAG 8 1
  1346   +    1115549    1116163     615 atypical AAGGGA 7 1
  1347   +    1116168    1116899     732 atypical TCGGCT 6 1
  1348   +    1116896    1119691    2796 atypical AATATA 7 1
  1349   -    1119815    1119952     138 native CAGGCG 6 1
  1350   -    1120077    1120958     882 atypical AAGGCA 7 1
  1351   -    1121032    1121976     945 native CGGAAA 7 1
  1352   -    1122046    1123740    1695 native GAGGTT 7 1
  1353   -    1123794    1125044    1251 native TAGGTA 5 1
  1354   -    1125557    1126189     633 native AATGAG 6 1
  1355   +    1126485    1126760     276 atypical CAGGAT 8 1
  1356   -    1126767    1127078     312 native CAGGAG 8 1
  1357   +    1127431    1128351     921 native CAGAAG 6 1
  1358   -    1128843    1130081    1239 native GAGGAA 3 1
  1359   +    1130458    1131771    1314 native CAGAGT 5 1
  1360   +    1131798    1132154     357 native ATTGAT 6 1
  1361   +    1132169    1132903     735 native CCGGAG 7 1
  1362   +    1132916    1133773     858 native CGGGAA 5 1
  1363   -    1133776    1136271    2496 native CCGGAG 5 1
  1364   -    1136296    1137216     921 native AAGAAG 9 1
  1365   -    1137182    1137334     153 native CGGGAG 7 1
  1366   -    1137334    1138419    1086 native AAGGAA 7 1
  1367   -    1138434    1139681    1248 native CAGGGA 8 1
  1368   -    1139703    1140029     327 native GAGGAA 6 1
  1369   -    1140248    1140628     381 native CTGGCC 8 1
  1370   -    1140597    1141211     615 native GCGGAG 10 1
  1371   +    1141415    1142608    1194 native AAGGAA 6 1
  1372   +    1142784    1143110     327 native AAGGAG 7 1
  1373   -    1143251    1144489    1239 native GAGGCA 4 1
  1374   +    1144825    1146027    1203 native TTGGAG 5 1
  1375   -    1146077    1146589     513 native CTGGAA 6 1
  1376   -    1146586    1148265    1680 native GAGTAG 7 1
  1377   +    1148884    1149243     360 native CAGGGA 6 1
  1378   +    1149245    1149637     393 native GCGATA 9 1
  1379   -    1149689    1151104    1416 native AAGGCC 5 1
  1380   -    1152026    1152910     885 native ATGGAG 9 1
  1381   -    1152951    1153109     159 atypical AAGGTT 5 1
  1382   -    1153162    1154415    1254 native AAGGAA 6 1
  1383   -    1154475    1155308     834 native AAGGAT 4 1
  1384   +    1155557    1156321     765 native AGGGAA 7 1
  1385   -    1156360    1157286     927 native ATGAAG 7 1
  1386   +    1157376    1158374     999 native CTGGAG 5 1
  1387   -    1158371    1158589     219 native CTGGGT 7 1
  1388   -    1158591    1160606    2016 native ATGGTG 4 1
  1389   -    1160677    1161663     987 native CAGAGA 5 1
  1390   +    1161893    1162654     762 native AAGGAG 12 1
  1391   +    1162839    1163348     510 native AAGGAC 5 1
  1392   +    1163227    1163811     585 native CAGAAG 3 1
  1393   +    1164195    1164452     258 native GGGGAA 5 1
  1394   +    1164497    1166224    1728 native AAGGTA 5 1
  1395   +    1166265    1166774     510 native TAGGAG 6 1
  1396   -    1166816    1167667     852 native AAGGAG 10 1
  1397   -    1168029    1169063    1035 native CAGGCA 9 1
  1398   -    1169182    1170279    1098 native CAGGAG 7 1
  1399   -    1170269    1170556     288 native CAGATG 14 1
  1400   -    1170514    1171140     627 native GTGGTA 8 1
  1401   -    1171140    1171973     834 native GCGGGG 8 1
  1402   -    1171973    1172989    1017 native AAGGGT 5 1
  1403   -    1173160    1173951     792 native AAGGAG 9 1
  1404   -    1174080    1174937     858 native CAGGAG 8 1
  1405   +    1175101    1175997     897 native AAGGTC 7 1
  1406   +    1176001    1177425    1425 native AAGGAA 6 1
  1407   +    1177430    1177990     561 native CTGGAC 7 1
  1408   +    1177987    1178730     744 native CTGGAG 0 1
  1409   -    1178788    1179405     618 native GATGTG 0 1
  1410   -    1179486    1179686     201 native CAGGAG 5 1
  1411   -    1179782    1180357     576 native AAGGAA 5 1
  1412   -    1180402    1180866     465 native TTGAAG 0 1
  1413   -    1180853    1181278     426 native AAGGTA 9 1
  1414   +    1181492    1182361     870 native CAGGCC 2 1
  1415   +    1182365    1183264     900 native AGCGAT 5 1
  1416   -    1183270    1184322    1053 native CCGGCA 8 1
  1417   -    1184368    1184676     309 native CAGGTT 11 1
  1418   -    1184574    1184867     294 native ACGGAG 7 1
  1419   -    1184880    1185539     660 native AAGGAG 5 1
  1420   -    1185549    1186436     888 native GCGGAG 10 1
  1421   -    1186457    1187818    1362 native GAGGGA 7 1
  1422   -    1187830    1189233    1404 native GCGGAG 8 1
  1423   -    1189230    1190456    1227 native AGGGAG 8 1
  1424   -    1190573    1190860     288 native CTGGCG 6 1
  1425   -    1190842    1191756     915 native GCGGAG 7 1
  1426   -    1191746    1192582     837 native AAGGAG 6 1
  1427   -    1192593    1193996    1404 native AAGGCA 7 1
  1428   -    1194008    1194295     288 native ACGGAG 6 1
  1429   -    1194402    1194695     294 native GAGGAA 6 1
  1430   -    1194734    1195750    1017 native CTGGGG 8 1
  1431   -    1195747    1196550     804 native CTGGCA 6 1
  1432   -    1196547    1197248     702 native CAGGAG 7 1
  1433   -    1197223    1197702     480 native ACGAGG 5 1
  1434   -    1197715    1198050     336 native CAGGCG 7 1
  1435   -    1198343    1200622    2280 native AAGGAA 7 1
  1436   +    1200910    1201428     519 native AAGGAG 8 1
  1437   +    1201479    1201859     381 native CAGGCA 9 1
  1438   +    1201879    1203882    2004 native ACGGAG 6 1
  1439   -    1203978    1205021    1044 native CTGGGG 11 1
  1440   -    1205147    1205722     576 native GTGGAG 5 1
  1441   -    1205790    1207769    1980 native AAGAAG 6 1
  1442   +    1207975    1209675    1701 native GAGAAG 6 1
  1443   +    1209839    1212952    3114 native CACGAG 11 1
  1444   +    1213491    1213847     357 native AAGGAT 5 1
  1445   +    1213851    1214978    1128 native GAGGTG 6 1
  1446   +    1215006    1215206     201 native GAGGAA 6 1
  1447   -    1215316    1216014     699 native AAGGAG 6 1
  1448   -    1216088    1218103    2016 native CCGGGG 5 1
  1449   -    1218118    1218981     864 native GTTGAG 6 1
  1450   -    1219128    1219526     399 atypical AGGGAA 8 1
  1451   -    1219526    1219753     228 native AAGGGG 5 1
  1452   -    1219907    1220620     714 native CAGGAG 8 1
  1453   -    1220833    1221867    1035 native AGGGAG 5 1
  1454   -    1221884    1222762     879 native GAGGAT 5 1
  1455   +    1222908    1223480     573 native AAGGAA 8 1
  1456   +    1223480    1223950     471 native ATGGAG 7 1
  1457   +    1224514    1224915     402 native CAGGAA 8 1
  1458   +    1224818    1226836    2019 native CAGGAG 8 1
  1459   +    1226847    1227794     948 native AAGGAA 6 1
  1460   +    1227811    1229250    1440 native AAGGAG 12 1
  1461   +    1229262    1229918     657 native AAGGAG 7 1
  1462   +    1229915    1231495    1581 native AAGGGA 7 1
  1463   +    1231485    1233152    1668 native TCGGAG 7 1
  1464   +    1233162    1233707     546 native AAGGAC 5 1
  1465   +    1234033    1234461     429 native ACGGCG 1 1
  1466   +    1234454    1234687     234 native CCGGGG 5 1
  1467   +    1234684    1234866     183 native AAGATG 5 1
  1468   +    1234896    1236908    2013 native AAGGAC 5 1
  1469   +    1236930    1237778     849 native CAGGAG 5 1
  1470   -    1237816    1238877    1062 native CAGGGA 8 1
  1471   +    1239090    1239545     456 native CAGGAT 7 1
  1472   +    1239600    1240550     951 native CTGGCG 0 1
  1473   +    1240571    1240930     360 native AAGGAA 5 1
  1474   -    1241068    1241814     747 native CATGGG 5 1
  1475   -    1241864    1242043     180 native CCTGAT 10 1
  1476   -    1242055    1242867     813 native CTGGGC 8 1
  1477   -    1242828    1243154     327 native GAGGAT 6 1
  1478   -    1243238    1243864     627 native AAGGAG 7 1
  1479   +    1244188    1245225    1038 native GTGGGG 9 1
  1480   +    1245225    1245863     639 native GTGGTT 8 1
  1481   +    1246034    1248100    2067 native ACGGAG 11 1
  1482   +    1248105    1248707     603 native CTGAAT 6 1
  1483   +    1248677    1249645     969 native AGCGCG 5 1
  1484   -    1249684    1251927    2244 native GCTGAG 5 1
  1485   +    1252279    1252470     192 native AAGGAA 6 1
  1486   +    1252784    1253299     516 native AAGGAA 5 1
  1487   +    1253315    1253719     405 native CAGGAG 5 1
  1488   -    1253948    1255525    1578 native CGGAAT 8 1
  1489   -    1255594    1257060    1467 native GAGATA 6 1
  1490   +    1257300    1258592    1293 native CTTGAG 6 1
  1491   -    1258589    1258804     216 native CCGGAG 8 1
  1492   -    1258873    1260345    1473 native GAGGCT 6 1
  1493   -    1260463    1261641    1179 native GAGAGG 6 1
  1494   -    1261652    1262272     621 native AAGGAG 9 1
  1495   -    1262290    1263564    1275 native AAGAGA 6 1
  1496   -    1263675    1264793    1119 native CGGGAG 7 1
  1497   -    1264820    1265833    1014 native AACGTA 10 1
  1498   -    1266118    1267272    1155 native CCGGAA 6 1
  1499   -    1267422    1267853     432 native CAGAGG 5 1
  1500   -    1268002    1270314    2313 native CTGATT 12 1
  1501   -    1270315    1273206    2892 native CTGGCA 8 1
  1502   -    1273181    1275274    2094 native CAGGGA 6 1
  1503   +    1275481    1275726     246 native ATGGAG 6 1
  1504   +    1275708    1276205     498 native CCGGAA 9 1
  1505   +    1276214    1276324     111 native CTGGTG 11 1
  1506   -    1276817    1277314     498 native CCCGTT 6 1
  1507   -    1277329    1277586     258 native AATGAA 11 1
  1508   -    1277728    1279011    1284 native AAGGAT 7 1
  1509   -    1279189    1279389     201 native CAGAGG 5 1
  1510   -    1279401    1279736     336 native ACGAGG 6 1
  1511   -    1279738    1281588    1851 native CTGGAA 7 1
  1512   -    1281605    1282120     516 native CCTGAG 6 1
  1513   -    1282216    1282539     324 native GAGGTT 5 1
  1514   -    1282556    1282942     387 native CAGGAG 8 1
  1515   -    1282970    1284184    1215 native ACGGAG 11 1
  1516   -    1284425    1284913     489 native GTGAAG 6 1
  1517   -    1285214    1285951     738 native ATGAAG 7 1
  1518   +    1286079    1286873     795 native CCGATG 6 1
  1519   +    1287018    1287872     855 native AAGGAA 5 1
  1520   +    1288063    1289343    1281 native ATGGGA 9 1
  1521   -    1289335    1290474    1140 native CGGGAG 6 1
  1522   -    1290634    1290792     159 native CCGGTT 2 1
  1523   -    1290804    1291523     720 native AAGGGG 6 1
  1524   +    1291708    1293021    1314 native ATTGAT 7 1
  1525   +    1293018    1293536     519 native CAGGAG 8 1
  1526   +    1293536    1293856     321 native CCTGAG 12 1
  1527   +    1293853    1294665     813 native CCGGAG 8 1
  1528   +    1294675    1295877    1203 native AAGGAA 5 1
  1529   +    1295974    1296396     423 native AAGGGA 6 1
  1530   -    1296444    1297316     873 native AAGGAG 7 1
  1531   -    1297328    1298422    1095 native CGGGTG 8 1
  1532   -    1298455    1299453     999 native GAGGAA 7 1
  1533   -    1299478    1300989    1512 native CAGAGG 5 1
  1534   -    1301012    1301995     984 native CAGGAG 5 1
  1535   -    1302092    1305373    3282 native ATTGAG 6 1
  1536   +    1305491    1306684    1194 native AAGGTT 8 1
  1537   -    1306748    1308001    1254 native CAGGAG 6 1
  1538   +    1308329    1309519    1191 native AAGGAA 6 1
  1539   -    1309564    1309902     339 native AAGGAA 4 1
  1540   -    1309963    1311297    1335 native CATGAG 10 1
  1541   -    1311287    1312000     714 native CTGGTG 3 1
  1542   -    1312165    1312722     558 native GAGGTG 0 1
  1543   -    1312719    1313591     873 native GAGAGT 6 1
  1544   -    1314167    1318054    3888 native GACGAG 6 1
  1545   +    1318312    1319868    1557 native GAGAAT 7 1
  1546   -    1319865    1320368     504 native CCGGAG 8 1
  1547   -    1320426    1320860     435 native GATGAG 9 1
  1548   +    1321269    1322117     849 native GAGGAA 4 1
  1549   +    1322248    1322433     186 native GAGGCG 6 1
  1550   -    1323127    1323507     381 native CTGGAA 11 1
  1551   -    1323507    1324238     732 native GATGAG 7 1
  1552   -    1324250    1324978     729 native AAGAGT 7 1
  1553   -    1324990    1325895     906 native CTGGAG 5 1
  1554   -    1325892    1326572     681 native ATTGGT 5 1
  1555   -    1326845    1327819     975 native TAGGAG 5 1
  1556   -    1327835    1329634    1800 native AATAAT 8 1
  1557   -    1329832    1330311     480 native CGGGGC 6 1
  1558   -    1330308    1330763     456 native ATCGAA 7 1
  1559   -    1330760    1331914    1155 native AAGGGT 7 1
  1560   -    1331947    1332093     147 native CCGGAA 9 1
  1561   -    1332285    1332443     159 native CTGGTA 0 1
  1562   +    1332928    1334541    1614 native AAGAAA 0 1
  1563   -    1334534    1335271     738 native AAGGTT 8 1
  1564   +    1335403    1336737    1335 native CAGAGG 6 1
  1565   -    1336946    1337827     882 native TAGGTT 7 1
  1566   +    1337930    1338517     588 native GAGGAG 7 1
  1567   -    1338573    1338956     384 native GGGGAG 7 1
  1568   +    1339261    1339950     690 native CAGGAG 6 1
  1569   -    1339998    1341035    1038 native GTGGAG 6 1
  1570   +    1341242    1341661     420 native CCGAGG 6 1
  1571   +    1341923    1342429     507 native ACCGAG 3 1
  1572   +    1342461    1345121    2661 native CGGGAG 6 1
  1573   +    1345235    1346590    1356 native GAGAAG 12 1
  1574   +    1346687    1346959     273 native CTGGAT 8 1
  1575   -    1346956    1348254    1299 native CAGGAG 10 1
  1576   -    1349838    1349957     120 native GTGAAG 10 1
  1577   -    1354101    1356674    2574 native ATGGGA 6 1
  1578   -    1356804    1357019     216 native GCGAGG 5 1
  1579   -    1357003    1357536     534 native GTGGAC 5 1
  1580   -    1357533    1358381     849 native ATGGAT 13 1
  1581   +    1358647    1359384     738 native GAGGAA 12 1
  1582   +    1359655    1359996     342 native GAGGTA 6 1
  1583   +    1360246    1361406    1161 native AAGGCA 5 1
  1584   -    1361449    1362570    1122 native AAGAGG 6 1
  1585   -    1362581    1363651    1071 native CAGGAT 7 1
  1586   +    1363864    1364226     363 atypical AAGGAG 9 1
  1587   +    1364376    1364894     519 native GTGGGG 8 1
  1588   +    1364884    1366110    1227 native ACGGAA 5 1
  1589   +    1366224    1366607     384 atypical CCTGAG 12 1
  1590   -    1366684    1367031     348 native AAGAGA 7 1
  1591   -    1367073    1367840     768 native AAGACG 5 1
  1592   -    1367871    1368416     546 native ACGGTG 6 1
  1593   -    1368435    1368683     249 native AAGAGG 5 1
  1594   -    1368932    1370293    1362 native CAGGCG 7 1
  1595   +    1370385    1371251     867 native AAGGCG 11 1
  1596   +    1371359    1372558    1200 native CCGAAA 5 1
  1597   -    1372613    1373206     594 native GCGGAG 6 1
  1598   +    1373329    1374207     879 native AAGGAC 9 1
  1599   +    1374293    1375954    1662 native CAGGAA 7 1
  1600   +    1376145    1376444     300 native CAGCAG 8 1
  1601   -    1376506    1376796     291 native AAGAGG 6 1
  1602   -    1376786    1377223     438 native ATGGAA 6 1
  1603   +    1377394    1377876     483 native GATGAT 11 1
  1604   +    1378841    1378972     132 native ACGATG 5 1
  1605   +    1380026    1380991     966 atypical CATATA 6 1
  1606   -    1381368    1381868     501 atypical GATGAG 6 1
  1607   -    1382196    1383167     972 atypical AAGGAT 11 1
  1608   -    1383206    1384180     975 atypical AATAAA 7 1
  1609   -    1384345    1384767     423 atypical GTGGAA 5 1
  1610   -    1385359    1387707    2349 atypical AAGGAG 8 1
  1611   -    1388188    1388463     276 native CAGGTG 11 1
  1612   -    1388644    1389495     852 native GTGGGG 5 1
  1613   -    1389567    1389728     162 native AAGGGG 12 1
  1614   -    1389755    1390156     402 native GAGAGG 5 1
  1615   -    1390223    1391320    1098 native CAGGCT 11 1
  1616   +    1391390    1391692     303 native AAGGAG 6 1
  1617   +    1391728    1392546     819 native ATTGAA 3 1
  1618   -    1392543    1394333    1791 native GATGTG 5 1
  1619   -    1394267    1394962     696 native AAGGGT 6 1
  1620   -    1395142    1395297     156 native CCGGTG 7 1
  1621   -    1395372    1395566     195 native GCGGAC 6 1
  1622   -    1395672    1395866     195 native CGGGAG 14 1
  1623   -    1395892    1396101     210 native CGGGAA 5 1
  1624   -    1396274    1396396     123 native GCGGTA 10 1
  1625   -    1396514    1396939     426 native ACCGGG 0 1
  1626   -    1396970    1397077     108 native AATGAG 4 1
  1627   -    1397278    1397535     258 native GAGGAA 6 1
  1628   -    1397528    1398373     846 native AACGAG 11 1
  1629   -    1398244    1399296    1053 native CAGGCC 5 1
  1630   -    1399293    1400768    1476 native CCGGAG 8 1
  1631   -    1400816    1401097     282 native CCGGAA 12 1
  1632   -    1401121    1401495     375 native GCGGAT 7 1
  1633   -    1401501    1402217     717 native CAGGAG 5 1
  1634   -    1402283    1402627     345 native GAGGTA 8 1
  1635   -    1402624    1403070     447 native CTGGGA 8 1
  1636   -    1403067    1403417     351 native GAGGAG 6 1
  1637   -    1403428    1403754     327 native CAGGAG 7 1
  1638   -    1403751    1404029     279 native CTGGTT 5 1
  1639   -    1404005    1404973     969 native CAGGGG 12 1
  1640   -    1404970    1405992    1023 native CTGAAT 6 1
  1641   -    1406279    1406500     222 native CCGCAG 6 1
  1642   -    1406545    1406787     243 native CTGGTA 7 1
  1643   -    1406805    1407899    1095 native AAGGAA 9 1
  1644   -    1408017    1408205     189 native CCGGAT 11 1
  1645   -    1408230    1408466     237 native CAGGAG 6 1
  1646   -    1408528    1408725     198 native AAGGGG 5 1
  1647   -    1408760    1408909     150 native GTGGCG 6 1
  1648   -    1409097    1409360     264 native GCGGGG 11 1
  1649   -    1409559    1409855     297 native CCGGGA 5 1
  1650   -    1409898    1410026     129 native GCGGAT 1 1
  1651   -    1410040    1410156     117 native GAGGGC 5 1
  1652   -    1410179    1410346     168 native ATGGGG 8 1
  1653   -    1410327    1410536     210 native GTGGAG 0 1
  1654   -    1410998    1411372     375 native CTGGTG 9 1
  1655   -    1411984    1412451     468 native GTGGGG 10 1
  1656   -    1412809    1412964     156 native ATGGTG 3 1
# Unknown	total_logodd	118060	average_length	727	average_density	1.17

# output date end: Fri Sep 29 10:33:45 2023
# Done with file: EColi_plasmid6.fasta
