# GeneMark.hmm-2 LST format
# GeneMark.hmm-2 prokaryotic version: 1.25_lic
# File with sequence: EColi_plasmid3.fasta
# File with native parameters: GMS2.mod
# Native species name and build: unspecified GeneMarkS-2-1.14_1.25_lic
# File with MetaGeneMark parameters: /home/violanca/1MB438/SRC/Lab3/gms2_linux_64/mgm_11.mod
# translation table: 11
# output date start: Thu Oct  6 21:21:18 2022

# sequence-region 1 392275
SequenceID: unknown_plasmid3
     1   +   <1    1089    1089 atypical
     2   -    3087    5507    2421 native AAGGGG 7 1
     3   -    5972    6544     573 native AAGCCT 0 1
     4   -    6604    6867     264 native AAAGAG 9 1
     5   -    6961    7722     762 native ATGGAG 5 1
     6   -    7803    8567     765 native AAGGAA 6 1
     7   +    8888    9055     168 atypical AAGGAA 7 1
     8   +    9128    11518    2391 native CAGGAG 7 1
     9   +    11953    12423     471 native GAGGAA 7 1
    10   +    12473    12769     297 native ACGGAG 5 1
    11   +    12916    13959    1044 native CAGCTT 6 1
    12   +    14367    14744     378 native AAGGAG 5 1
    13   +    14839    15267     429 native GGGGAC 7 1
    14   +    15332    15589     258 native CTGGAG 6 1
    15   +    15745    16353     609 native TTGGTT 6 1
    16   +    16522    17772    1251 native TAGGAT 5 1
    17   +    18053    18199     147 native AAGGTG 7 1
    18   +    18615    18941     327 native GAGGTA 6 1
    19   +    19007    19264     258 atypical ACGGAG 5 1
    20   +    19491    20282     792 native AAGGAG 6 1
    21   +    20334    20783     450 native CTGGAG 6 1
    22   +    20956    23340    2385 native CAGGAA 5 1
    23   +    23590    23829     240 native AAGGAT 5 1
    24   +    23892    24203     312 native GAGGCT 5 1
    25   +    24200    24388     189 native GAGGGG 8 1
    26   +    24422    24982     561 native CAGCTC 8 1
    27   +    25094    25705     612 native AAGGAG 3 1
    28   +    25933    26160     228 native AAGGAT 5 1
    29   +    26340    26660     321 native TAGGTT 6 1
    30   +    27175    27486     312 atypical GAGGAG 5 1
    31   +    27491    27982     492 native AGGGAG 9 1
    32   +    28793    29017     225 native AAGGAC 6 1
    33   +    29057    29257     201 native CAGGTG 7 1
    34   +    29480    29791     312 native CTGGAG 8 1
    35   +    30166    30447     282 native AAGGAT 5 1
    36   +    30663    31268     606 native CAGGAG 6 1
    37   +    31601    32122     522 native ATGGAA 11 1
    38   +    32119    32970     852 native CACGAA 3 1
    39   -    33308    33415     108 native GAAGAA 10 1
    40   -    33422    34534    1113 native AACGTG 3 1
    41   -    34996    35199     204 native GAGGAC 7 1
    42   -    35245    35595     351 native AAGCAA 8 1
    43   -    35655    36254     600 native AAGGCT 7 1
    44   -    36354    37298     945 native CTGGAG 6 1
    45   +    37754    37984     231 native CAGCAG 0 1
    46   +    38400    39584    1185 native AAAGAG 7 1
    47   +    39650    39931     282 native AAGGGG 10 1
    48   +    40158    40394     237 atypical CAGCAG 10 1
    49   +    40515    40811     297 native CAGGAG 5 1
    50   +    40856    41293     438 native CAGGAG 7 1
    51   +    41361    41897     537 native GATGAG 6 1
    52   +    42062    42430     369 native ATGGAG 7 1
    53   +    42863    43165     303 native CAGGAG 7 1
    54   +    43522    43806     285 native AAGGAG 6 1
    55   +    43872    44225     354 native GAGGTG 6 1
    56   -    44512    45243     732 native GAGGTA 2 1
    57   -    45245    46426    1182 native AAGGTG 5 1
    58   -    46437    47099     663 native ATGGAG 8 1
    59   -    47086    48195    1110 native AAGGAA 9 1
    60   -    48195    50279    2085 native TGGGAA 6 1
    61   -    50279    51007     729 native ATTGAA 6 1
    62   -    51026    53431    2406 native CAGGCA 14 1
    63   -    53435    54172     738 native AAGGTG 5 1
    64   -    54169    54654     486 native CAGGAG 5 1
    65   +    55413    56213     801 atypical AAGGAC 9 1
    66   +    56215    56727     513 atypical AAGGAT 7 1
    67   +    57321    58367    1047 atypical AAGGAG 8 1
    68   +    58345    59772    1428 native CTGGCG 6 1
    69   +    59781    63734    3954 native GAGGTC 4 1
    70   +    63915    65204    1290 native CAGGAC 0 1
    71   -    65312    65878     567 native CAGGGG 7 1
    72   -    65961    66500     540 native GTGGAG 8 1
    73   +    66648    67397     750 native AAGGAG 5 1
    74   +    67422    67814     393 native GAGGTG 3 1
    75   +    67848    68270     423 native AAGGAA 5 1
    76   -    68330    68677     348 native CAGGAG 3 1
    77   +    69048    69857     810 native AAGGTA 3 1
    78   -    69903    71162    1260 native AATCAG 7 1
    79   -    71146    71580     435 native TTCGAG 7 1
    80   +    71774    72391     618 native AAGGAT 4 1
    81   +    72541    72897     357 native ATGGAG 6 1
    82   -    73184    73330     147 native AAGGGG 0 1
    83   +    73343    74059     717 native TTGCTG 0 1
    84   -    74230    75243    1014 atypical CAAGCC 0 1
    85   +    75326    76252     927 native GTCGAT 5 1
    86   +    76495    76956     462 native TAAGAT 7 1
    87   +    77014    77805     792 native CTGGTG 9 1
    88   +    78067    79326    1260 native AAGGAG 8 1
    89   +    79419    80210     792 native CAGGCG 9 1
    90   +    80380    80712     333 atypical GAGGAG 7 1
    91   -    80959    81591     633 native CGGGAA 7 1
    92   +    81614    81889     276 atypical CCGGTC 6 1
    93   -    81892    82683     792 atypical AAGCAA 6 1
    94   -    83152    83397     246 atypical AAGGAC 9 1
    95   -    83435    84298     864 atypical AAGGAG 7 1
    96   -    84529    85245     717 native TTGCTG 0 1
    97   -    85458    85661     204 atypical CAGGGG 5 1
    98   -    85789    86655     867 atypical CCCGAT 7 1
    99   -    86622    86969     348 native TGGGAG 7 1
   100   -    87192    87644     453 atypical AAGGGT 6 1
   101   -    87729    88361     633 native CGGGAT 5 1
   102   -    88499    89374     876 atypical CCGGAG 9 1
   103   -    89460    90059     600 native TGGGAG 9 1
   104   -    90158    90874     717 native TTGCTG 0 1
   105   +    91153    91752     600 native CGGGAG 11 1
   106   +    91773    91994     222 native GCGGAG 6 1
   107   +    91981    93006    1026 atypical CGGGGG 9 1
   108   -    93428    94180     753 atypical GCGGAG 7 1
   109   +    94164    95765    1602 atypical CAGCTT 7 1
   110   +    95819    95953     135 native TAGCTG 5 1
   111   +    95991    96476     486 atypical CAGGAA 7 1
   112   -    96673    97107     435 atypical TTGGTT 6 1
   113   -    97194    97763     570 atypical AACGAC 7 1
   114   +    97853    98668     816 atypical ATAGAA 6 1
   115   +    98755    99057     303 atypical CAGGAT 10 1
   116   -    99233    100726    1494 native AAGGAC 7 1
   117   -    100838    101143     306 atypical CAGGCC 7 1
   118   -    101171    102385    1215 atypical GAGGGT 9 1
   119   -    102602    103321     720 atypical AAGCTG 0 1
   120   -    103517    104353     837 native GTGGTT 10 1
   121   +    104411    105115     705 native AAGGTG 6 1
   122   -    105200    105676     477 atypical CCGGTG 7 1
   123   -    105610    108267    2658 atypical ACCGAC 11 1
   124   +    108314    109030     717 native TTGCTG 0 1
   125   -    109313    110326    1014 atypical CAAGCC 0 1
   126   +    110409    110957     549 atypical GTCGAT 5 1
   127   -    110980    111483     504 native ATGGCG 4 1
   128   -    111926    112258     333 native CAGGAG 10 1
   129   -    112260    112517     258 native ATGGAG 7 1
   130   -    112610    113263     654 native CAGGCG 5 1
   131   -    114203    115060     858 native CAGGAT 3 1
   132   -    115353    115544     192 native GAGGTA 5 1
   133   -    115852    116106     255 native GTGGTG 13 1
   134   -    116084    116425     342 native CAGGAG 10 1
   135   -    116463    116672     210 atypical CGGGAA 5 1
   136   -    116718    117191     474 native CAGGTG 13 1
   137   -    117422    117634     213 native GAGGGG 7 1
   138   -    117772    118332     561 native AGGCAG 8 1
   139   -    118387    119163     777 native AAAGAG 10 1
   140   -    119153    124423    5271 native CGGGAG 10 1
   141   -    124423    126648    2226 native TCGGAA 7 1
   142   -    126901    127632     732 native AAGGTA 5 1
   143   -    127664    128161     498 atypical GGGGAG 6 1
   144   -    128182    131004    2823 native AGGGAG 6 1
   145   -    131001    132377    1377 native AGGGAG 7 1
   146   -    132374    132661     288 native AAGCAG 0 1
   147   -    132666    133211     546 native CAGGAG 7 1
   148   -    133198    133482     285 native CCGGAG 6 1
   149   -    133601    133948     348 native GCGGAT 7 1
   150   -    133964    134707     744 native AAGGAA 5 1
   151   -    134700    134960     261 native CCGGGG 3 1
   152   -    134984    136792    1809 native AAGGAG 10 1
   153   -    136789    137427     639 native CAGGAT 5 1
   154   -    137455    137706     252 atypical CCGGTT 10 1
   155   -    137791    137907     117 native GAGGAG 6 1
   156   -    137937    138398     462 native AAGGAT 5 1
   157   -    138424    139416     993 native GAGGAG 8 1
   158   -    139413    140045     633 native AGGGCG 5 1
   159   -    140042    140428     387 native CAGGAG 6 1
   160   -    140425    143052    2628 native AAGGAA 5 1
   161   -    143212    143433     222 atypical GAGGAA 6 1
   162   -    143568    144083     516 native AAGGTG 7 1
   163   -    144080    144331     252 native AAGGAA 8 1
   164   -    144328    144645     318 native ACGGAG 4 1
   165   -    144642    145214     573 native GAGGGG 6 1
   166   -    145204    146631    1428 native GGGGAG 8 1
   167   -    146631    147302     672 native CTGCAG 4 1
   168   -    147346    147912     567 native CAGGAT 6 1
   169   -    147934    148245     312 native CAGGAA 8 1
   170   -    148260    148619     360 native GAGGAA 4 1
   171   -    148653    148880     228 native GAGGTG 6 1
   172   -    148974    149720     747 native AAACTG 10 1
   173   -    149851    150234     384 native AAGGTA 7 1
   174   +    150571    151158     588 native TTGGTG 0 1
   175   -    151455    152276     822 native AAGGAG 8 1
   176   -    152398    152685     288 native GAGGAG 8 1
   177   +    153845    154033     189 native GTGGTG 4 1
   178   -    154045    154764     720 native AAGGAG 7 1
   179   -    154761    155195     435 native AGGGAG 8 1
   180   -    155250    157214    1965 native AAGGGG 0 1
   181   -    157267    157500     234 native CCGGAG 8 1
   182   -    157556    158083     528 native AAGGAG 7 1
   183   -    158974    159537     564 native ACGGAG 8 1
   184   -    159583    160944    1362 native AAGGAG 8 1
   185   -    160996    161226     231 native AAGGAG 8 1
   186   +    161904    162098     195 atypical ATGGTT 11 1
   187   -    162220    162402     183 native GGGGAG 8 1
   188   -    162402    162773     372 native CTGGAT 6 1
   189   -    162863    163288     426 native GAGGAA 5 1
   190   +    163690    164661     972 native AAGGAA 7 1
   191   -    164714    165217     504 native ATGGCG 4 1
   192   -    165462    165797     336 native CAAGTT 9 1
   193   -    165866    166213     348 native CCGGAA 0 1
   194   -    167016    167987     972 native TGGGAG 8 1
   195   -    167987    169153    1167 native AAGGAT 7 1
   196   -    169453    169563     111 native AAACAC 10 1
   197   -    169565    170068     504 native ATGGCG 4 1
   198   -    170418    171920    1503 atypical CAGGAG 8 1
   199   -    172528    172977     450 atypical TAGGAT 7 1
   200   +    173095    173574     480 native AACGAG 6 1
   201   +    174014    174265     252 atypical TTGGAT 6 1
   202   -    174858    175715     858 native GAGGAT 5 1
   203   -    175712    176569     858 native AGGGAA 5 1
   204   -    176566    177393     828 native AGGGAG 5 1
   205   -    177393    178307     915 native TAGGTA 7 1
   206   +    178857    179360     504 native ATGGCG 4 1
   207   -    179540    179887     348 native CAGCAA 7 1
   208   -    180187    180519     333 native GAGGAC 6 1
   209   +    180828    181139     312 native CAGGTG 5 1
   210   +    181259    182005     747 native CACGAG 5 1
   211   -    182026    182274     249 native ATCGTG 10 1
   212   +    182550    183527     978 native GGCGAG 0 1
   213   -    183812    184552     741 native TACGTG 11 1
   214   -    185235    186143     909 atypical GAGGAT 0 1
   215   -    186206    187315    1110 atypical AAAGAG 7 1
   216   -    187748    188701     954 native ATGGAG 11 1
   217   +    188874    189194     321 native CCCGGT 0 1
   218   +    190316    190642     327 native GAGGTA 6 1
   219   +    190639    191529     891 native CTGGAA 3 1
   220   +    192196    192699     504 native ATGGCG 4 1
   221   -    192777    193163     387 native TACGAT 3 1
   222   -    193300    194166     867 native GAGGAG 6 1
   223   -    194353    194664     312 native ATAGTG 3 1
   224   -    194803    195996    1194 native CTGGTG 10 1
   225   -    197219    198058     840 native CAGCCG 10 1
   226   -    198117    198455     339 native TTGGAG 5 1
   227   +    199082    199375     294 atypical CAGGAT 6 1
   228   +    200250    200540     291 native GAGGCT 7 1
   229   +    200727    201287     561 native CAGGAG 11 1
   230   +    202523    203638    1116 atypical AGGGAT 6 1
   231   +    203778    207437    3660 native GAGGAG 5 1
   232   +    207541    208770    1230 native AAAGAG 5 1
   233   +    208855    209811     957 native AAGGAA 10 1
   234   -    209856    212033    2178 native AGGGAA 5 1
   235   +    212462    212965     504 native ATGGCG 4 1
   236   -    212976    213179     204 atypical AAGGAG 5 1
   237   -    213857    214138     282 atypical TAGGAG 5 1
   238   -    214496    215023     528 atypical AAGGTA 5 1
   239   +    215267    216082     816 atypical AAGGAG 6 1
   240   -    216132    216485     354 native GTGGAG 5 1
   241   -    216663    217454     792 native AAGGGG 5 1
   242   -    217451    218140     690 native AAGGAA 5 1
   243   -    218184    218534     351 native GAGGAA 5 1
   244   -    219066    222881    3816 native ACGGAA 14 1
   245   +    223131    223292     162 native GTGGAG 5 1
   246   -    223310    223657     348 native GAGGTG 5 1
   247   -    223959    224417     459 native AGGGAG 3 1
   248   -    224558    225406     849 native ACGGAG 11 1
   249   -    225452    225733     282 native CAGGAA 12 1
   250   -    225840    227636    1797 atypical CCGGCG 4 1
   251   +    228175    228339     165 native TAGCAC 7 1
   252   +    228434    229009     576 native CCGCTG 6 1
   253   -    229041    230240    1200 atypical CCGGAG 7 1
   254   +    230319    230996     678 atypical GTGGAC 5 1
   255   -    231328    232002     675 atypical CACGTC 9 1
   256   -    232078    235089    3012 native TTGGAA 12 1
   257   +    235228    235785     558 native AAGGTA 7 1
   258   +    235968    236828     861 native AAGGAA 4 1
   259   +    237211    237354     144 native CAGGTG 11 1
   260   -    237714    238490     777 atypical CTGGAG 7 1
   261   -    238561    239514     954 native CAGGAG 8 1
   262   -    239534    239932     399 native AGGGTG 7 1
   263   -    240131    240373     243 native CTGCCG 5 1
   264   -    240370    240684     315 native AACGAC 8 1
   265   +    240752    241468     717 native TTGCTG 0 1
   266   +    241764    242048     285 atypical ATGGAT 11 1
   267   -    242368    242760     393 atypical ATGGAG 10 1
   268   -    243067    243783     717 native TTGCTG 0 1
   269   +    243990    244085      96 native GTGGCG 0 1
   270   +    244091    245266    1176 atypical CCGGAA 8 1
   271   +    245290    248442    3153 atypical CAAGAC 0 1
   272   -    248512    248991     480 native CAGGAC 6 1
   273   -    249080    249664     585 native TTACTG 0 1
   274   -    249821    250303     483 native ATGGAG 6 1
   275   -    250316    250870     555 native GAGGTT 4 1
   276   -    250956    253922    2967 atypical ACGGAT 8 1
   277   -    253925    254485     561 atypical CAGGGA 5 1
   278   -    254611    254940     330 atypical CAACAG 5 1
   279   +    254993    255709     717 native TTGCTG 0 1
   280   +    255801    256307     507 native TTGGCA 6 1
   281   +    256307    256933     627 native AAGGGG 13 1
   282   +    257462    258313     852 atypical AAAGAG 10 1
   283   +    258393    259316     924 native ACGCAG 8 1
   284   +    259445    260470    1026 native GAGGCG 0 1
   285   -    260445    260870     426 native GAGCAT 0 1
   286   -    261067    261783     717 native TTGCTG 0 1
   287   +    262157    262573     417 native GAGGAA 5 1
   288   -    262578    263096     519 atypical CTGGAA 6 1
   289   -    263096    263884     789 native ACTGAG 6 1
   290   -    263904    264344     441 atypical AGGCTG 14 1
   291   -    264384    265100     717 native TTGCTG 0 1
   292   +    265139    266668    1530 atypical CACCAC 7 1
   293   +    266742    267128     387 atypical CTGGTT 5 1
   294   +    267295    267822     528 atypical AAGGTA 6 1
   295   -    267873    268280     408 atypical CTGGAG 5 1
   296   -    268310    268771     462 atypical TAAGAT 5 1
   297   -    269108    269305     198 atypical AGGGAT 5 1
   298   -    269700    269954     255 native ATGGAG 6 1
   299   -    270000    270335     336 native TAGCTG 5 1
   300   -    270455    271084     630 atypical ACCGAG 5 1
   301   +    271193    271519     327 native GAGGTA 6 1
   302   +    271516    272406     891 native CTGGAA 3 1
   303   -    272667    273185     519 native AAGGTG 2 1
   304   +    273397    274824    1428 native AGAGAG 5 1
   305   +    274885    275052     168 native GAGGTC 4 1
   306   +    275075    276394    1320 native TAGGAG 6 1
   307   -    276674    277879    1206 native CAGGAA 4 1
   308   -    277876    278694     819 native ATGGAG 6 1
   309   +    279337    279717     381 native GACGAG 6 1
   310   +    279775    280440     666 native AAGGAA 4 1
   311   +    280500    280955     456 native AAGGTC 6 1
   312   +    280997    281233     237 atypical AAGGTT 8 1
   313   +    281269    281553     285 atypical TATGAA 5 1
   314   +    281731    282135     405 native AAAGTG 7 1
   315   -    282477    282680     204 native CGAGAG 5 1
   316   +    283711    284697     987 native TGGGAG 11 1
   317   +    284694    286733    2040 native AAGGTT 5 1
   318   -    286736    287056     321 native CACGTA 5 1
   319   -    287046    287345     300 native TGAGAG 7 1
   320   -    287394    287636     243 atypical TTGGAG 6 1
   321   -    288090    288515     426 atypical AAGGAC 12 1
   322   -    288769    289584     816 native GAAGAG 6 1
   323   -    289597    290007     411 native TAAGAG 7 1
   324   -    290109    290315     207 atypical GAGGAT 5 1
   325   -    290376    291701    1326 native CAGGAG 13 1
   326   -    291706    292002     297 atypical GAGGCC 5 1
   327   -    292603    292995     393 native AAGGAT 4 1
   328   +    293338    293709     372 native TAGGTT 8 1
   329   +    293801    293992     192 native AGGGAG 8 1
   330   +    294042    294323     282 native AAGGAC 5 1
   331   -    294664    294795     132 native AGGGAG 6 1
   332   -    294886    296127    1242 native CAGGAG 7 1
   333   -    296556    297131     576 native CAGGAG 6 1
   334   -    297199    297777     579 native GAGGTT 5 1
   335   -    297826    298866    1041 native AAGGGT 5 1
   336   -    298889    299344     456 native AAGGAA 6 1
   337   -    299367    300524    1158 native CAGCGG 10 1
   338   -    300524    301105     582 native AAGGAA 6 1
   339   +    301429    302487    1059 native CCGGAT 11 1
   340   +    302497    303639    1143 native AAGGCG 5 1
   341   +    303632    304405     774 native GTGGAG 10 1
   342   +    304407    305486    1080 native TTGGAG 9 1
   343   +    305486    306442     957 native AAGGTA 5 1
   344   +    306453    307661    1209 native AAGGAA 6 1
   345   +    307679    308146     468 native AAGCAG 13 1
   346   +    308609    309247     639 native AAGGAA 6 1
   347   +    309270    309911     642 native AAGGGG 5 1
   348   +    309908    310549     642 native GAGGAA 6 1
   349   +    310680    311675     996 native CTGGAC 12 1
   350   +    311675    313312    1638 native AGGGAG 6 1
   351   +    313284    314837    1554 native AGGGAA 5 1
   352   -    315004    316086    1083 native GGGGTG 5 1
   353   -    316447    316659     213 atypical AAGGTT 4 1
   354   +    316830    318005    1176 native CCGGTG 6 1
   355   -    318027    318371     345 atypical AGGGAG 5 1
   356   -    318307    319212     906 native AAGGAA 5 1
   357   -    319222    320184     963 native CTGGAG 6 1
   358   -    320275    320721     447 native TAGGCG 7 1
   359   -    320738    321274     537 native CAGGTA 4 1
   360   -    321348    321605     258 native ATGGAG 10 1
   361   -    321613    322203     591 atypical AAGGAT 12 1
   362   -    322248    322523     276 native AAGGAG 5 1
   363   -    322787    323743     957 native GAGGTA 6 1
   364   -    323915    324853     939 atypical GAGGTA 6 1
   365   -    324920    325840     921 atypical GAGGGT 6 1
   366   -    325909    326844     936 atypical GAGGAT 3 1
   367   -    326915    327793     879 native ATGGAG 5 1
   368   -    327872    328393     522 native TCGGAG 9 1
   369   -    328665    329897    1233 native AGAGAG 6 1
   370   -    330011    330232     222 native AAGGAG 6 1
   371   -    330304    332316    2013 native AAAGAG 7 1
   372   -    332394    333521    1128 atypical TTGGAG 6 1
   373   -    333585    333758     174 atypical CTGGAC 2 1
   374   -    333890    334948    1059 native CCGGAG 6 1
   375   -    335006    335983     978 atypical TTGGAG 5 1
   376   -    336044    336421     378 atypical GAGGAG 6 1
   377   -    336479    337351     873 atypical TAGGTG 7 1
   378   -    337746    339530    1785 atypical AATGAG 6 1
   379   +    339710    340582     873 native AAGGGC 5 1
   380   -    340611    343799    3189 native AAGGAG 7 1
   381   -    343818    344876    1059 native CAAGTG 6 1
   382   -    345018    346529    1512 native TGGGAA 5 1
   383   -    346516    347028     513 atypical AGTGAG 6 1
   384   -    347306    351610    4305 native CAGGTA 6 1
   385   -    351730    352284     555 native AAAGTG 9 1
   386   -    352293    352718     426 native GAGGAA 7 1
   387   -    352708    353076     369 atypical CCGGTA 3 1
   388   -    353564    354202     639 atypical AATGAG 7 1
   389   -    354214    355251    1038 atypical AAAGAG 7 1
   390   +    355615    356562     948 atypical GAGGAA 3 1
   391   +    356559    357395     837 atypical GAGGTA 5 1
   392   +    357388    357909     522 atypical AAGGAA 5 1
   393   +    357906    358295     390 atypical GAGGAT 5 1
   394   -    358357    359361    1005 atypical AAGGAG 7 1
   395   -    359358    360611    1254 atypical AAGGTC 6 1
   396   -    364448    367129    2682 native AAGGTC 4 1
   397   -    367138    368088     951 native AAGGCT 5 1
   398   -    368098    368955     858 native AGGGCA 7 1
   399   -    368969    369451     483 atypical GAGGTT 3 1
   400   -    369459    369710     252 native CAACAA 5 1
   401   +    369748    370269     522 native ATGGAA 11 1
   402   +    370266    371117     852 native CACGAA 3 1
   403   -    371136    372260    1125 atypical GTGGAG 6 1
   404   -    372250    372711     462 atypical TCAGAA 6 1
   405   -    372713    373984    1272 native CAGGTA 7 1
   406   -    373984    374772     789 atypical ATGGAG 6 1
   407   -    374784    375101     318 atypical CTGGAT 5 1
   408   -    375152    375505     354 native ACGGAG 5 1
   409   -    376654    377529     876 atypical GACGAG 8 1
   410   +    378006    379061    1056 atypical CAGGAG 6 1
   411   +    379079    379279     201 atypical GAGGAT 7 1
   412   +    379276    379992     717 atypical GAGGTG 8 1
   413   +    380227    381081     855 atypical AAGGTG 0 1
   414   -    381090    381776     687 native GTGGTG 14 1
   415   +    382272    383435    1164 native ACGGAG 5 1
   416   +    383683    385374    1692 native AAGGAC 7 1
   417   +    385371    385547     177 native GAGGAA 5 1
   418   +    385608    386057     450 native ATGGGG 6 1
   419   +    386038    386319     282 atypical GAGGTA 4 1
   420   -    386377    386952     576 native CAACAG 10 1
   421   -    386989    387828     840 native CAGCCG 10 1
   422   -    387852    388217     366 native TTGGAG 5 1
   423   +    388712    391168    2457 native CCGGAG 6 1
# unknown_plasmid3	total_logodd	24519.2	average_length	753	average_density	1.08

# output date end: Thu Oct  6 21:21:18 2022
# Done with file: EColi_plasmid3.fasta
