# GeneMark.hmm-2 LST format
# GeneMark.hmm-2 prokaryotic version: 1.25_lic
# File with sequence: EColi_plasmid4.fasta
# File with native parameters: GMS2.mod
# Native species name and build: unspecified GeneMarkS-2-1.14_1.25_lic
# File with MetaGeneMark parameters: /home/violanca/1MB438/SRC/Lab3/gms2_linux_64/mgm_11.mod
# translation table: 11
# output date start: Fri Sep 29 10:31:57 2023

# sequence-region 1 173714
SequenceID: unknown_plasmid4
     1   -   <2    199     198 atypical AGGAGG 4 1
     2   -    264    626     363 native CGCTGT 5 1
     3   -    623    1057     435 native AGGAGA 7 1
     4   -    1789    2289     501 native TGGAGG 8 1
     5   -    2754    3350     597 native TGGAGA 7 1
     6   -    3347    4066     720 native AGGAGG 6 1
     7   -    4063    4497     435 native GGGAGA 7 1
     8   -    4552    5247     696 native AGGAGA 8 1
     9   -    5220    6320    1101 native AGGGGA 5 1
    10   -    6380    6613     234 native CGGAGA 7 1
    11   -    6666    7199     534 native AGGAGG 5 1
    12   -    7952    8143     192 native GGGAGA 7 1
    13   -    8143    8562     420 native AGGAGA 7 1
    14   -    8609    9034     426 native CGGAGG 8 1
    15   -    9448    10218     771 native GGGAGA 9 1
    16   -    10263    10697     435 native AGGAGA 5 1
    17   -    10711    10932     222 native CGGAGG 8 1
    18   -    10933    11616     684 native AGGAGT 6 1
    19   -    12002    12928     927 native AGGAGA 6 1
    20   +    13245    13571     327 native TAGTCA 5 1
    21   +    13568    14020     453 native TGCAGC 0 1
    22   +    14004    14996     993 native GGGAGT 7 1
    23   +    15026    15274     249 native AGGGTA 7 1
    24   +    15478    16104     627 native ATGAGG 5 1
    25   +    16101    16403     303 native AAGAGG 7 1
    26   +    16931    17059     129 native CGGAGC 1 1
    27   +    17098    17649     552 native CGGAGA 0 1
    28   -    17669    18016     348 native CGGAGG 7 1
    29   +    18135    18482     348 native AGGAGA 6 1
    30   -    18500    20380    1881 native AGGAGA 6 1
    31   -    20659    21351     693 native CAGAGA 0 1
    32   -    21344    21532     189 native AGGACT 5 1
    33   +    21622    21828     207 native CGGACA 6 1
    34   +    22053    24026    1974 native AACATA 9 1
    35   +    24045    24836     792 native AGGAAA 6 1
    36   +    25341    25805     465 native CGGACA 7 1
    37   +    25811    26107     297 native GGGATA 6 1
    38   +    26138    27730    1593 native ATTATA 9 1
    39   +    27781    27933     153 native CAGTGA 7 1
    40   -    27935    28351     417 native AGGTGG 8 1
    41   -    28344    29324     981 native CGGAGA 6 1
    42   -    29739    30047     309 native GGGTTA 4 1
    43   -    30134    30778     645 native TGGAGA 6 1
    44   -    30958    31764     807 native TGGGGA 6 1
    45   -    31765    32070     306 native TGGTGA 1 1
    46   -    32072    32290     219 native AAGAGG 6 1
    47   +    32886    33146     261 native TGGAGC 7 1
    48   +    33182    33733     552 native CGGAGA 0 1
    49   -    33751    34098     348 native CGGAGG 7 1
    50   +    34227    34403     177 native AGGAAA 8 1
    51   -    34581    34988     408 native CGGACA 2 1
    52   -    35012    35743     732 native AGGATA 5 1
    53   +    36909    37886     978 native CGGCGA 1 1
    54   -    38307    38471     165 native ATGAGC 1 1
    55   -    38475    38600     126 native CCGAAA 6 1
    56   -    38949    39254     306 native TGCTGG 8 1
    57   -    39251    39928     678 native CGCATT 2 1
    58   -    40743    41237     495 native AAGAGT 7 1
    59   -    41358    42785    1428 native CGTATG 9 1
    60   -    42801    44918    2118 native TGGTCA 10 1
    61   -    44971    47967    2997 native AAGAAA 6 1
    62   -    47969    48484     516 native TGTTTA 6 1
    63   -    48912    49715     804 native AGGAGA 6 1
    64   -    49740    54035    4296 native TTGAGA 6 1
    65   +    55148    55354     207 native CGGTGC 4 1
    66   +    56025    56471     447 native AGGAGC 6 1
    67   +    56546    56746     201 atypical AGGAGA 5 1
    68   +    56798    57070     273 native CGCTGT 5 1
    69   +    57262    58083     822 native CGGAAA 2 1
    70   +    59550    61106    1557 native AGGAAA 4 1
    71   +    61157    61876     720 native AGGAGA 7 1
    72   +    61887    63302    1416 native ATGAGG 8 1
    73   +    63307    64005     699 native AGGAGG 8 1
    74   -    64350    64694     345 native AGCTGT 14 1
    75   -    64930    65202     273 native AGGTGC 10 1
    76   -    65269    65460     192 native AGGCTG 4 1
    77   -    65470    65835     366 native ATGAGA 8 1
    78   -    66341    70243    3903 native TGGAGC 4 1
    79   -    70740    71126     387 native AGGAAA 7 1
    80   +    71285    71962     678 native TGGTGG 4 1
    81   -    72452    72772     321 atypical AGGTTA 10 1
    82   -    72830    73258     429 native CGTACA 1 1
    83   -    73679    73978     300 native AGGTGA 5 1
    84   +    74387    75880    1494 native AGGAAG 8 1
    85   +    76146    76295     150 native CGGAAT 2 1
    86   +    76752    77180     429 native CGTACA 1 1
    87   +    77488    79575    2088 native CGGAGA 8 1
    88   -    79836    80282     447 native ATGAGA 4 1
    89   +    80840    81025     186 native AGGTCA 10 1
    90   -    81309    81734     426 native CGGAGG 5 1
    91   -    81751    82794    1044 native TGGAGG 5 1
    92   -    82848    83033     186 native GGGAAA 8 1
    93   -    83009    83329     321 native AGCAGT 8 1
    94   -    83411    83812     402 native CGGATT 12 1
    95   -    83898    84191     294 native GGGAGG 5 1
    96   -    84188    84613     426 native TGGACA 6 1
    97   -    85103    85993     891 native CGGAAC 5 1
    98   -    86047    86337     291 native GGGTGG 1 1
    99   +    86659    86826     168 native TATTTA 1 1
   100   +    87023    87265     243 atypical CGGAGA 6 1
   101   +    87366    88019     654 native AGCAGG 2 1
   102   -    89254    89658     405 native TGGAAT 8 1
   103   -    89597    90070     474 native TGGAAT 14 1
   104   -    90072    90434     363 atypical AGGATA 7 1
   105   -    90562    91053     492 native ATCAGG 1 1
   106   -    91469    91651     183 native ATGAAT 7 1
   107   -    91661    91963     303 native AACAGT 5 1
   108   -    91950    101435    9486 native GGGATT 6 1
   109   -    101448    103214    1767 native AGGAGA 2 1
   110   -    103829    104068     240 native AGGATA 13 1
   111   -    105037    106113    1077 native CAGAGA 14 1
   112   +    106770    107411     642 native AAGAGT 9 1
   113   +    107552    108217     666 native AGGACG 5 1
   114   +    108484    109104     621 native AGGAGG 4 1
   115   +    109131    110825    1695 native CAGAGG 8 1
   116   +    111757    112827    1071 native CGGATT 7 1
   117   +    112832    113269     438 native AGGAAT 6 1
   118   +    113300    114919    1620 native CGGATC 4 1
   119   +    114940    116235    1296 native AGGAGG 6 1
   120   +    116225    116677     453 native AGGTAA 5 1
   121   +    116762    118270    1509 native AGGAGG 4 1
   122   +    118272    119372    1101 native CGCTGA 1 1
   123   +    119446    119982     537 native AGGAGT 5 1
   124   +    120036    120509     474 native CGGAGC 8 1
   125   +    120528    121163     636 native CGGAGA 9 1
   126   +    121168    122532    1365 native CGGAGG 8 1
   127   -    122819    122935     117 native AGGAGG 5 1
   128   +    122990    123280     291 native ATGAGA 6 1
   129   -    123372    123692     321 native ATGAGG 5 1
   130   +    123952    124773     822 native CGGAGG 4 1
   131   +    124863    126065    1203 native AGGAAA 5 1
   132   +    126424    126876     453 native AGGAAA 8 1
   133   +    126873    127709     837 native CGGAGA 4 1
   134   +    127693    128841    1149 native AGGAGA 5 1
   135   +    128838    129128     291 native CGGAGA 9 1
   136   +    129192    133214    4023 native CGGAGA 5 1
   137   +    133237    133581     345 native AGGACG 9 1
   138   +    133593    134288     696 native AGGAGC 3 1
   139   +    134299    135273     975 native CTGAGA 8 1
   140   +    135277    136608    1332 native TGGAGT 5 1
   141   +    136605    137318     714 native AGGAAA 7 1
   142   +    137315    137845     531 native CGGTAC 6 1
   143   +    137892    138290     399 native AGGAGA 4 1
   144   +    138513    139331     819 native CAGAGA 9 1
   145   +    139386    139745     360 native CAGAGG 8 1
   146   +    139742    140125     384 native AGGAGA 3 1
   147   +    140301    143345    3045 native CGGAGT 10 1
   148   +    143345    143962     618 native GGGATA 9 1
   149   +    143923    145128    1206 native CGGAGA 7 1
   150   +    145125    145694     570 native AGGGGA 7 1
   151   +    145767    147932    2166 native CGGAGT 4 1
   152   +    148003    148653     651 native TGGAGG 6 1
   153   +    148927    150513    1587 native AAGATA 5 1
   154   +    150491    150598     108 native CAGAGA 7 1
   155   +    151017    151379     363 native ATGACA 4 1
   156   -    151472    153016    1545 native AGGAAA 0 1
   157   -    153208    153663     456 native AGGATA 4 1
   158   -    153751    154374     624 native TGGTGG 4 1
   159   +    154533    154919     387 native AGGAAA 7 1
   160   +    155393    159472    4080 native AGCAGA 6 1
   161   +    159979    160344     366 native ATGAGA 8 1
   162   +    160354    160545     192 native AGGCTG 4 1
   163   +    160612    160884     273 native CTGATC 8 1
   164   -    161027    161122      96 native CGGAGA 5 1
   165   +    161632    162912    1281 native TGGAGG 7 1
   166   +    162909    164027    1119 native AGGAAA 7 1
   167   +    164008    166311    2304 native AGGATA 6 1
   168   +    166437    166739     303 native CAGAGG 8 1
   169   -    166837    167268     432 native CTGACA 5 1
   170   -    167336    170047    2712 native CTGAGA 9 1
   171   -    170059    170391     333 native AGGAGC 5 1
   172   +    170624    170899     276 native CTGAGA 10 1
   173   -    171045    171893     849 native AGGAGA 7 1
   174   +    172472    172723     252 native AGGTGT 3 1
   175   -    172754    172987     234 native CTGAAG 14 1
   176   -    172987   >173712     726 native
# unknown_plasmid4	total_logodd	14966.4	average_length	803	average_density	1.01

# output date end: Fri Sep 29 10:31:57 2023
# Done with file: EColi_plasmid4.fasta
